f:\github\dxanimationtool\directxengineat\debug\vc141.pdb
f:\github\dxanimationtool\directxengineat\debug\vc141.idb
f:\github\dxanimationtool\directxengineat\debug\textureclass.obj
f:\github\dxanimationtool\directxengineat\debug\systemclass.obj
f:\github\dxanimationtool\directxengineat\debug\position.obj
f:\github\dxanimationtool\directxengineat\debug\modelclass.obj
f:\github\dxanimationtool\directxengineat\debug\main.obj
f:\github\dxanimationtool\directxengineat\debug\lightshaderclass.obj
f:\github\dxanimationtool\directxengineat\debug\lightclass.obj
f:\github\dxanimationtool\directxengineat\debug\inputclass.obj
f:\github\dxanimationtool\directxengineat\debug\graphicsclass.obj
f:\github\dxanimationtool\directxengineat\debug\exporter.obj
f:\github\dxanimationtool\directxengineat\debug\d3dclass.obj
f:\github\dxanimationtool\directxengineat\debug\cameraclass.obj
f:\github\dxanimationtool\directxengineat\debug\assimptool.obj
f:\github\dxanimationtool\debug\directxengineat.exe
f:\github\dxanimationtool\debug\directxengineat.ilk
f:\github\dxanimationtool\debug\directxengineat.pdb
f:\github\dxanimationtool\directxengineat\debug\directxengineat.tlog\cl.command.1.tlog
f:\github\dxanimationtool\directxengineat\debug\directxengineat.tlog\cl.read.1.tlog
f:\github\dxanimationtool\directxengineat\debug\directxengineat.tlog\cl.write.1.tlog
f:\github\dxanimationtool\directxengineat\debug\directxengineat.tlog\link.command.1.tlog
f:\github\dxanimationtool\directxengineat\debug\directxengineat.tlog\link.read.1.tlog
f:\github\dxanimationtool\directxengineat\debug\directxengineat.tlog\link.write.1.tlog
