  AssimpTool.cpp
f:\github\dxanimation\directx2010\include\dxgitype.h(12): warning C4005: 'DXGI_STATUS_OCCLUDED': macro redefinition
  c:\program files (x86)\windows kits\10\include\10.0.17763.0\shared\winerror.h(55460): note: see previous definition of 'DXGI_STATUS_OCCLUDED'
f:\github\dxanimation\directx2010\include\dxgitype.h(13): warning C4005: 'DXGI_STATUS_CLIPPED': macro redefinition
  c:\program files (x86)\windows kits\10\include\10.0.17763.0\shared\winerror.h(55469): note: see previous definition of 'DXGI_STATUS_CLIPPED'
f:\github\dxanimation\directx2010\include\dxgitype.h(14): warning C4005: 'DXGI_STATUS_NO_REDIRECTION': macro redefinition
  c:\program files (x86)\windows kits\10\include\10.0.17763.0\shared\winerror.h(55478): note: see previous definition of 'DXGI_STATUS_NO_REDIRECTION'
f:\github\dxanimation\directx2010\include\dxgitype.h(15): warning C4005: 'DXGI_STATUS_NO_DESKTOP_ACCESS': macro redefinition
  c:\program files (x86)\windows kits\10\include\10.0.17763.0\shared\winerror.h(55487): note: see previous definition of 'DXGI_STATUS_NO_DESKTOP_ACCESS'
f:\github\dxanimation\directx2010\include\dxgitype.h(16): warning C4005: 'DXGI_STATUS_GRAPHICS_VIDPN_SOURCE_IN_USE': macro redefinition
  c:\program files (x86)\windows kits\10\include\10.0.17763.0\shared\winerror.h(55496): note: see previous definition of 'DXGI_STATUS_GRAPHICS_VIDPN_SOURCE_IN_USE'
f:\github\dxanimation\directx2010\include\dxgitype.h(17): warning C4005: 'DXGI_STATUS_MODE_CHANGED': macro redefinition
  c:\program files (x86)\windows kits\10\include\10.0.17763.0\shared\winerror.h(55505): note: see previous definition of 'DXGI_STATUS_MODE_CHANGED'
f:\github\dxanimation\directx2010\include\dxgitype.h(18): warning C4005: 'DXGI_STATUS_MODE_CHANGE_IN_PROGRESS': macro redefinition
  c:\program files (x86)\windows kits\10\include\10.0.17763.0\shared\winerror.h(55514): note: see previous definition of 'DXGI_STATUS_MODE_CHANGE_IN_PROGRESS'
f:\github\dxanimation\directx2010\include\dxgitype.h(21): warning C4005: 'DXGI_ERROR_INVALID_CALL': macro redefinition
  c:\program files (x86)\windows kits\10\include\10.0.17763.0\shared\winerror.h(55529): note: see previous definition of 'DXGI_ERROR_INVALID_CALL'
f:\github\dxanimation\directx2010\include\dxgitype.h(22): warning C4005: 'DXGI_ERROR_NOT_FOUND': macro redefinition
  c:\program files (x86)\windows kits\10\include\10.0.17763.0\shared\winerror.h(55538): note: see previous definition of 'DXGI_ERROR_NOT_FOUND'
f:\github\dxanimation\directx2010\include\dxgitype.h(23): warning C4005: 'DXGI_ERROR_MORE_DATA': macro redefinition
  c:\program files (x86)\windows kits\10\include\10.0.17763.0\shared\winerror.h(55547): note: see previous definition of 'DXGI_ERROR_MORE_DATA'
f:\github\dxanimation\directx2010\include\dxgitype.h(24): warning C4005: 'DXGI_ERROR_UNSUPPORTED': macro redefinition
  c:\program files (x86)\windows kits\10\include\10.0.17763.0\shared\winerror.h(55556): note: see previous definition of 'DXGI_ERROR_UNSUPPORTED'
f:\github\dxanimation\directx2010\include\dxgitype.h(25): warning C4005: 'DXGI_ERROR_DEVICE_REMOVED': macro redefinition
  c:\program files (x86)\windows kits\10\include\10.0.17763.0\shared\winerror.h(55565): note: see previous definition of 'DXGI_ERROR_DEVICE_REMOVED'
f:\github\dxanimation\directx2010\include\dxgitype.h(26): warning C4005: 'DXGI_ERROR_DEVICE_HUNG': macro redefinition
  c:\program files (x86)\windows kits\10\include\10.0.17763.0\shared\winerror.h(55574): note: see previous definition of 'DXGI_ERROR_DEVICE_HUNG'
f:\github\dxanimation\directx2010\include\dxgitype.h(27): warning C4005: 'DXGI_ERROR_DEVICE_RESET': macro redefinition
  c:\program files (x86)\windows kits\10\include\10.0.17763.0\shared\winerror.h(55584): note: see previous definition of 'DXGI_ERROR_DEVICE_RESET'
f:\github\dxanimation\directx2010\include\dxgitype.h(28): warning C4005: 'DXGI_ERROR_WAS_STILL_DRAWING': macro redefinition
  c:\program files (x86)\windows kits\10\include\10.0.17763.0\shared\winerror.h(55593): note: see previous definition of 'DXGI_ERROR_WAS_STILL_DRAWING'
f:\github\dxanimation\directx2010\include\dxgitype.h(29): warning C4005: 'DXGI_ERROR_FRAME_STATISTICS_DISJOINT': macro redefinition
  c:\program files (x86)\windows kits\10\include\10.0.17763.0\shared\winerror.h(55603): note: see previous definition of 'DXGI_ERROR_FRAME_STATISTICS_DISJOINT'
f:\github\dxanimation\directx2010\include\dxgitype.h(30): warning C4005: 'DXGI_ERROR_GRAPHICS_VIDPN_SOURCE_IN_USE': macro redefinition
  c:\program files (x86)\windows kits\10\include\10.0.17763.0\shared\winerror.h(55612): note: see previous definition of 'DXGI_ERROR_GRAPHICS_VIDPN_SOURCE_IN_USE'
f:\github\dxanimation\directx2010\include\dxgitype.h(31): warning C4005: 'DXGI_ERROR_DRIVER_INTERNAL_ERROR': macro redefinition
  c:\program files (x86)\windows kits\10\include\10.0.17763.0\shared\winerror.h(55622): note: see previous definition of 'DXGI_ERROR_DRIVER_INTERNAL_ERROR'
f:\github\dxanimation\directx2010\include\dxgitype.h(32): warning C4005: 'DXGI_ERROR_NONEXCLUSIVE': macro redefinition
  c:\program files (x86)\windows kits\10\include\10.0.17763.0\shared\winerror.h(55631): note: see previous definition of 'DXGI_ERROR_NONEXCLUSIVE'
f:\github\dxanimation\directx2010\include\dxgitype.h(33): warning C4005: 'DXGI_ERROR_NOT_CURRENTLY_AVAILABLE': macro redefinition
  c:\program files (x86)\windows kits\10\include\10.0.17763.0\shared\winerror.h(55640): note: see previous definition of 'DXGI_ERROR_NOT_CURRENTLY_AVAILABLE'
f:\github\dxanimation\directx2010\include\dxgitype.h(34): warning C4005: 'DXGI_ERROR_REMOTE_CLIENT_DISCONNECTED': macro redefinition
  c:\program files (x86)\windows kits\10\include\10.0.17763.0\shared\winerror.h(55650): note: see previous definition of 'DXGI_ERROR_REMOTE_CLIENT_DISCONNECTED'
f:\github\dxanimation\directx2010\include\dxgitype.h(35): warning C4005: 'DXGI_ERROR_REMOTE_OUTOFMEMORY': macro redefinition
  c:\program files (x86)\windows kits\10\include\10.0.17763.0\shared\winerror.h(55659): note: see previous definition of 'DXGI_ERROR_REMOTE_OUTOFMEMORY'
f:\github\dxanimation\directx2010\include\d3d11.h(917): warning C4005: 'D3D11_ERROR_TOO_MANY_UNIQUE_STATE_OBJECTS': macro redefinition
  c:\program files (x86)\windows kits\10\include\10.0.17763.0\shared\winerror.h(55923): note: see previous definition of 'D3D11_ERROR_TOO_MANY_UNIQUE_STATE_OBJECTS'
f:\github\dxanimation\directx2010\include\d3d11.h(918): warning C4005: 'D3D11_ERROR_FILE_NOT_FOUND': macro redefinition
  c:\program files (x86)\windows kits\10\include\10.0.17763.0\shared\winerror.h(55932): note: see previous definition of 'D3D11_ERROR_FILE_NOT_FOUND'
f:\github\dxanimation\directx2010\include\d3d11.h(919): warning C4005: 'D3D11_ERROR_TOO_MANY_UNIQUE_VIEW_OBJECTS': macro redefinition
  c:\program files (x86)\windows kits\10\include\10.0.17763.0\shared\winerror.h(55942): note: see previous definition of 'D3D11_ERROR_TOO_MANY_UNIQUE_VIEW_OBJECTS'
f:\github\dxanimation\directx2010\include\d3d11.h(920): warning C4005: 'D3D11_ERROR_DEFERRED_CONTEXT_MAP_WITHOUT_INITIAL_DISCARD': macro redefinition
  c:\program files (x86)\windows kits\10\include\10.0.17763.0\shared\winerror.h(55951): note: see previous definition of 'D3D11_ERROR_DEFERRED_CONTEXT_MAP_WITHOUT_INITIAL_DISCARD'
f:\github\dxanimation\directx2010\include\d3d10.h(608): warning C4005: 'D3D10_ERROR_TOO_MANY_UNIQUE_STATE_OBJECTS': macro redefinition
  c:\program files (x86)\windows kits\10\include\10.0.17763.0\shared\winerror.h(55899): note: see previous definition of 'D3D10_ERROR_TOO_MANY_UNIQUE_STATE_OBJECTS'
f:\github\dxanimation\directx2010\include\d3d10.h(609): warning C4005: 'D3D10_ERROR_FILE_NOT_FOUND': macro redefinition
  c:\program files (x86)\windows kits\10\include\10.0.17763.0\shared\winerror.h(55908): note: see previous definition of 'D3D10_ERROR_FILE_NOT_FOUND'
f:\github\dxanimation\directxengineat\assimptool.cpp(162): warning C4018: '<': signed/unsigned mismatch
f:\github\dxanimation\directxengineat\assimptool.cpp(214): warning C4018: '<': signed/unsigned mismatch
f:\github\dxanimation\directxengineat\assimptool.cpp(256): warning C4018: '<': signed/unsigned mismatch
f:\github\dxanimation\directxengineat\assimptool.cpp(260): warning C4244: 'initializing': conversion from 'float' to 'int', possible loss of data
f:\github\dxanimation\directxengineat\assimptool.cpp(263): warning C4018: '<': signed/unsigned mismatch
f:\github\dxanimation\directxengineat\assimptool.cpp(266): warning C4244: '=': conversion from 'float' to '_Ty', possible loss of data
          with
          [
              _Ty=int
          ]
f:\github\dxanimation\directxengineat\assimptool.cpp(271): warning C4244: '=': conversion from 'float' to '_Ty', possible loss of data
          with
          [
              _Ty=int
          ]
f:\github\dxanimation\directxengineat\assimptool.cpp(273): warning C4018: '<': signed/unsigned mismatch
f:\github\dxanimation\directxengineat\assimptool.cpp(276): warning C4244: '=': conversion from 'float' to '_Ty', possible loss of data
          with
          [
              _Ty=int
          ]
f:\github\dxanimation\directxengineat\assimptool.cpp(281): warning C4244: '=': conversion from 'float' to '_Ty', possible loss of data
          with
          [
              _Ty=int
          ]
f:\github\dxanimation\directxengineat\assimptool.cpp(296): warning C4018: '<': signed/unsigned mismatch
  cameraclass.cpp
f:\github\dxanimation\directx2010\include\dxgitype.h(12): warning C4005: 'DXGI_STATUS_OCCLUDED': macro redefinition
  c:\program files (x86)\windows kits\10\include\10.0.17763.0\shared\winerror.h(55460): note: see previous definition of 'DXGI_STATUS_OCCLUDED'
f:\github\dxanimation\directx2010\include\dxgitype.h(13): warning C4005: 'DXGI_STATUS_CLIPPED': macro redefinition
  c:\program files (x86)\windows kits\10\include\10.0.17763.0\shared\winerror.h(55469): note: see previous definition of 'DXGI_STATUS_CLIPPED'
f:\github\dxanimation\directx2010\include\dxgitype.h(14): warning C4005: 'DXGI_STATUS_NO_REDIRECTION': macro redefinition
  c:\program files (x86)\windows kits\10\include\10.0.17763.0\shared\winerror.h(55478): note: see previous definition of 'DXGI_STATUS_NO_REDIRECTION'
f:\github\dxanimation\directx2010\include\dxgitype.h(15): warning C4005: 'DXGI_STATUS_NO_DESKTOP_ACCESS': macro redefinition
  c:\program files (x86)\windows kits\10\include\10.0.17763.0\shared\winerror.h(55487): note: see previous definition of 'DXGI_STATUS_NO_DESKTOP_ACCESS'
f:\github\dxanimation\directx2010\include\dxgitype.h(16): warning C4005: 'DXGI_STATUS_GRAPHICS_VIDPN_SOURCE_IN_USE': macro redefinition
  c:\program files (x86)\windows kits\10\include\10.0.17763.0\shared\winerror.h(55496): note: see previous definition of 'DXGI_STATUS_GRAPHICS_VIDPN_SOURCE_IN_USE'
f:\github\dxanimation\directx2010\include\dxgitype.h(17): warning C4005: 'DXGI_STATUS_MODE_CHANGED': macro redefinition
  c:\program files (x86)\windows kits\10\include\10.0.17763.0\shared\winerror.h(55505): note: see previous definition of 'DXGI_STATUS_MODE_CHANGED'
f:\github\dxanimation\directx2010\include\dxgitype.h(18): warning C4005: 'DXGI_STATUS_MODE_CHANGE_IN_PROGRESS': macro redefinition
  c:\program files (x86)\windows kits\10\include\10.0.17763.0\shared\winerror.h(55514): note: see previous definition of 'DXGI_STATUS_MODE_CHANGE_IN_PROGRESS'
f:\github\dxanimation\directx2010\include\dxgitype.h(21): warning C4005: 'DXGI_ERROR_INVALID_CALL': macro redefinition
  c:\program files (x86)\windows kits\10\include\10.0.17763.0\shared\winerror.h(55529): note: see previous definition of 'DXGI_ERROR_INVALID_CALL'
f:\github\dxanimation\directx2010\include\dxgitype.h(22): warning C4005: 'DXGI_ERROR_NOT_FOUND': macro redefinition
  c:\program files (x86)\windows kits\10\include\10.0.17763.0\shared\winerror.h(55538): note: see previous definition of 'DXGI_ERROR_NOT_FOUND'
f:\github\dxanimation\directx2010\include\dxgitype.h(23): warning C4005: 'DXGI_ERROR_MORE_DATA': macro redefinition
  c:\program files (x86)\windows kits\10\include\10.0.17763.0\shared\winerror.h(55547): note: see previous definition of 'DXGI_ERROR_MORE_DATA'
f:\github\dxanimation\directx2010\include\dxgitype.h(24): warning C4005: 'DXGI_ERROR_UNSUPPORTED': macro redefinition
  c:\program files (x86)\windows kits\10\include\10.0.17763.0\shared\winerror.h(55556): note: see previous definition of 'DXGI_ERROR_UNSUPPORTED'
f:\github\dxanimation\directx2010\include\dxgitype.h(25): warning C4005: 'DXGI_ERROR_DEVICE_REMOVED': macro redefinition
  c:\program files (x86)\windows kits\10\include\10.0.17763.0\shared\winerror.h(55565): note: see previous definition of 'DXGI_ERROR_DEVICE_REMOVED'
f:\github\dxanimation\directx2010\include\dxgitype.h(26): warning C4005: 'DXGI_ERROR_DEVICE_HUNG': macro redefinition
  c:\program files (x86)\windows kits\10\include\10.0.17763.0\shared\winerror.h(55574): note: see previous definition of 'DXGI_ERROR_DEVICE_HUNG'
f:\github\dxanimation\directx2010\include\dxgitype.h(27): warning C4005: 'DXGI_ERROR_DEVICE_RESET': macro redefinition
  c:\program files (x86)\windows kits\10\include\10.0.17763.0\shared\winerror.h(55584): note: see previous definition of 'DXGI_ERROR_DEVICE_RESET'
f:\github\dxanimation\directx2010\include\dxgitype.h(28): warning C4005: 'DXGI_ERROR_WAS_STILL_DRAWING': macro redefinition
  c:\program files (x86)\windows kits\10\include\10.0.17763.0\shared\winerror.h(55593): note: see previous definition of 'DXGI_ERROR_WAS_STILL_DRAWING'
f:\github\dxanimation\directx2010\include\dxgitype.h(29): warning C4005: 'DXGI_ERROR_FRAME_STATISTICS_DISJOINT': macro redefinition
  c:\program files (x86)\windows kits\10\include\10.0.17763.0\shared\winerror.h(55603): note: see previous definition of 'DXGI_ERROR_FRAME_STATISTICS_DISJOINT'
f:\github\dxanimation\directx2010\include\dxgitype.h(30): warning C4005: 'DXGI_ERROR_GRAPHICS_VIDPN_SOURCE_IN_USE': macro redefinition
  c:\program files (x86)\windows kits\10\include\10.0.17763.0\shared\winerror.h(55612): note: see previous definition of 'DXGI_ERROR_GRAPHICS_VIDPN_SOURCE_IN_USE'
f:\github\dxanimation\directx2010\include\dxgitype.h(31): warning C4005: 'DXGI_ERROR_DRIVER_INTERNAL_ERROR': macro redefinition
  c:\program files (x86)\windows kits\10\include\10.0.17763.0\shared\winerror.h(55622): note: see previous definition of 'DXGI_ERROR_DRIVER_INTERNAL_ERROR'
f:\github\dxanimation\directx2010\include\dxgitype.h(32): warning C4005: 'DXGI_ERROR_NONEXCLUSIVE': macro redefinition
  c:\program files (x86)\windows kits\10\include\10.0.17763.0\shared\winerror.h(55631): note: see previous definition of 'DXGI_ERROR_NONEXCLUSIVE'
f:\github\dxanimation\directx2010\include\dxgitype.h(33): warning C4005: 'DXGI_ERROR_NOT_CURRENTLY_AVAILABLE': macro redefinition
  c:\program files (x86)\windows kits\10\include\10.0.17763.0\shared\winerror.h(55640): note: see previous definition of 'DXGI_ERROR_NOT_CURRENTLY_AVAILABLE'
f:\github\dxanimation\directx2010\include\dxgitype.h(34): warning C4005: 'DXGI_ERROR_REMOTE_CLIENT_DISCONNECTED': macro redefinition
  c:\program files (x86)\windows kits\10\include\10.0.17763.0\shared\winerror.h(55650): note: see previous definition of 'DXGI_ERROR_REMOTE_CLIENT_DISCONNECTED'
f:\github\dxanimation\directx2010\include\dxgitype.h(35): warning C4005: 'DXGI_ERROR_REMOTE_OUTOFMEMORY': macro redefinition
  c:\program files (x86)\windows kits\10\include\10.0.17763.0\shared\winerror.h(55659): note: see previous definition of 'DXGI_ERROR_REMOTE_OUTOFMEMORY'
f:\github\dxanimation\directx2010\include\d3d10.h(608): warning C4005: 'D3D10_ERROR_TOO_MANY_UNIQUE_STATE_OBJECTS': macro redefinition
  c:\program files (x86)\windows kits\10\include\10.0.17763.0\shared\winerror.h(55899): note: see previous definition of 'D3D10_ERROR_TOO_MANY_UNIQUE_STATE_OBJECTS'
f:\github\dxanimation\directx2010\include\d3d10.h(609): warning C4005: 'D3D10_ERROR_FILE_NOT_FOUND': macro redefinition
  c:\program files (x86)\windows kits\10\include\10.0.17763.0\shared\winerror.h(55908): note: see previous definition of 'D3D10_ERROR_FILE_NOT_FOUND'
  d3dclass.cpp
f:\github\dxanimation\directx2010\include\dxgitype.h(12): warning C4005: 'DXGI_STATUS_OCCLUDED': macro redefinition
  c:\program files (x86)\windows kits\10\include\10.0.17763.0\shared\winerror.h(55460): note: see previous definition of 'DXGI_STATUS_OCCLUDED'
f:\github\dxanimation\directx2010\include\dxgitype.h(13): warning C4005: 'DXGI_STATUS_CLIPPED': macro redefinition
  c:\program files (x86)\windows kits\10\include\10.0.17763.0\shared\winerror.h(55469): note: see previous definition of 'DXGI_STATUS_CLIPPED'
f:\github\dxanimation\directx2010\include\dxgitype.h(14): warning C4005: 'DXGI_STATUS_NO_REDIRECTION': macro redefinition
  c:\program files (x86)\windows kits\10\include\10.0.17763.0\shared\winerror.h(55478): note: see previous definition of 'DXGI_STATUS_NO_REDIRECTION'
f:\github\dxanimation\directx2010\include\dxgitype.h(15): warning C4005: 'DXGI_STATUS_NO_DESKTOP_ACCESS': macro redefinition
  c:\program files (x86)\windows kits\10\include\10.0.17763.0\shared\winerror.h(55487): note: see previous definition of 'DXGI_STATUS_NO_DESKTOP_ACCESS'
f:\github\dxanimation\directx2010\include\dxgitype.h(16): warning C4005: 'DXGI_STATUS_GRAPHICS_VIDPN_SOURCE_IN_USE': macro redefinition
  c:\program files (x86)\windows kits\10\include\10.0.17763.0\shared\winerror.h(55496): note: see previous definition of 'DXGI_STATUS_GRAPHICS_VIDPN_SOURCE_IN_USE'
f:\github\dxanimation\directx2010\include\dxgitype.h(17): warning C4005: 'DXGI_STATUS_MODE_CHANGED': macro redefinition
  c:\program files (x86)\windows kits\10\include\10.0.17763.0\shared\winerror.h(55505): note: see previous definition of 'DXGI_STATUS_MODE_CHANGED'
f:\github\dxanimation\directx2010\include\dxgitype.h(18): warning C4005: 'DXGI_STATUS_MODE_CHANGE_IN_PROGRESS': macro redefinition
  c:\program files (x86)\windows kits\10\include\10.0.17763.0\shared\winerror.h(55514): note: see previous definition of 'DXGI_STATUS_MODE_CHANGE_IN_PROGRESS'
f:\github\dxanimation\directx2010\include\dxgitype.h(21): warning C4005: 'DXGI_ERROR_INVALID_CALL': macro redefinition
  c:\program files (x86)\windows kits\10\include\10.0.17763.0\shared\winerror.h(55529): note: see previous definition of 'DXGI_ERROR_INVALID_CALL'
f:\github\dxanimation\directx2010\include\dxgitype.h(22): warning C4005: 'DXGI_ERROR_NOT_FOUND': macro redefinition
  c:\program files (x86)\windows kits\10\include\10.0.17763.0\shared\winerror.h(55538): note: see previous definition of 'DXGI_ERROR_NOT_FOUND'
f:\github\dxanimation\directx2010\include\dxgitype.h(23): warning C4005: 'DXGI_ERROR_MORE_DATA': macro redefinition
  c:\program files (x86)\windows kits\10\include\10.0.17763.0\shared\winerror.h(55547): note: see previous definition of 'DXGI_ERROR_MORE_DATA'
f:\github\dxanimation\directx2010\include\dxgitype.h(24): warning C4005: 'DXGI_ERROR_UNSUPPORTED': macro redefinition
  c:\program files (x86)\windows kits\10\include\10.0.17763.0\shared\winerror.h(55556): note: see previous definition of 'DXGI_ERROR_UNSUPPORTED'
f:\github\dxanimation\directx2010\include\dxgitype.h(25): warning C4005: 'DXGI_ERROR_DEVICE_REMOVED': macro redefinition
  c:\program files (x86)\windows kits\10\include\10.0.17763.0\shared\winerror.h(55565): note: see previous definition of 'DXGI_ERROR_DEVICE_REMOVED'
f:\github\dxanimation\directx2010\include\dxgitype.h(26): warning C4005: 'DXGI_ERROR_DEVICE_HUNG': macro redefinition
  c:\program files (x86)\windows kits\10\include\10.0.17763.0\shared\winerror.h(55574): note: see previous definition of 'DXGI_ERROR_DEVICE_HUNG'
f:\github\dxanimation\directx2010\include\dxgitype.h(27): warning C4005: 'DXGI_ERROR_DEVICE_RESET': macro redefinition
  c:\program files (x86)\windows kits\10\include\10.0.17763.0\shared\winerror.h(55584): note: see previous definition of 'DXGI_ERROR_DEVICE_RESET'
f:\github\dxanimation\directx2010\include\dxgitype.h(28): warning C4005: 'DXGI_ERROR_WAS_STILL_DRAWING': macro redefinition
  c:\program files (x86)\windows kits\10\include\10.0.17763.0\shared\winerror.h(55593): note: see previous definition of 'DXGI_ERROR_WAS_STILL_DRAWING'
f:\github\dxanimation\directx2010\include\dxgitype.h(29): warning C4005: 'DXGI_ERROR_FRAME_STATISTICS_DISJOINT': macro redefinition
  c:\program files (x86)\windows kits\10\include\10.0.17763.0\shared\winerror.h(55603): note: see previous definition of 'DXGI_ERROR_FRAME_STATISTICS_DISJOINT'
f:\github\dxanimation\directx2010\include\dxgitype.h(30): warning C4005: 'DXGI_ERROR_GRAPHICS_VIDPN_SOURCE_IN_USE': macro redefinition
  c:\program files (x86)\windows kits\10\include\10.0.17763.0\shared\winerror.h(55612): note: see previous definition of 'DXGI_ERROR_GRAPHICS_VIDPN_SOURCE_IN_USE'
f:\github\dxanimation\directx2010\include\dxgitype.h(31): warning C4005: 'DXGI_ERROR_DRIVER_INTERNAL_ERROR': macro redefinition
  c:\program files (x86)\windows kits\10\include\10.0.17763.0\shared\winerror.h(55622): note: see previous definition of 'DXGI_ERROR_DRIVER_INTERNAL_ERROR'
f:\github\dxanimation\directx2010\include\dxgitype.h(32): warning C4005: 'DXGI_ERROR_NONEXCLUSIVE': macro redefinition
  c:\program files (x86)\windows kits\10\include\10.0.17763.0\shared\winerror.h(55631): note: see previous definition of 'DXGI_ERROR_NONEXCLUSIVE'
f:\github\dxanimation\directx2010\include\dxgitype.h(33): warning C4005: 'DXGI_ERROR_NOT_CURRENTLY_AVAILABLE': macro redefinition
  c:\program files (x86)\windows kits\10\include\10.0.17763.0\shared\winerror.h(55640): note: see previous definition of 'DXGI_ERROR_NOT_CURRENTLY_AVAILABLE'
f:\github\dxanimation\directx2010\include\dxgitype.h(34): warning C4005: 'DXGI_ERROR_REMOTE_CLIENT_DISCONNECTED': macro redefinition
  c:\program files (x86)\windows kits\10\include\10.0.17763.0\shared\winerror.h(55650): note: see previous definition of 'DXGI_ERROR_REMOTE_CLIENT_DISCONNECTED'
f:\github\dxanimation\directx2010\include\dxgitype.h(35): warning C4005: 'DXGI_ERROR_REMOTE_OUTOFMEMORY': macro redefinition
  c:\program files (x86)\windows kits\10\include\10.0.17763.0\shared\winerror.h(55659): note: see previous definition of 'DXGI_ERROR_REMOTE_OUTOFMEMORY'
f:\github\dxanimation\directx2010\include\d3d11.h(917): warning C4005: 'D3D11_ERROR_TOO_MANY_UNIQUE_STATE_OBJECTS': macro redefinition
  c:\program files (x86)\windows kits\10\include\10.0.17763.0\shared\winerror.h(55923): note: see previous definition of 'D3D11_ERROR_TOO_MANY_UNIQUE_STATE_OBJECTS'
f:\github\dxanimation\directx2010\include\d3d11.h(918): warning C4005: 'D3D11_ERROR_FILE_NOT_FOUND': macro redefinition
  c:\program files (x86)\windows kits\10\include\10.0.17763.0\shared\winerror.h(55932): note: see previous definition of 'D3D11_ERROR_FILE_NOT_FOUND'
f:\github\dxanimation\directx2010\include\d3d11.h(919): warning C4005: 'D3D11_ERROR_TOO_MANY_UNIQUE_VIEW_OBJECTS': macro redefinition
  c:\program files (x86)\windows kits\10\include\10.0.17763.0\shared\winerror.h(55942): note: see previous definition of 'D3D11_ERROR_TOO_MANY_UNIQUE_VIEW_OBJECTS'
f:\github\dxanimation\directx2010\include\d3d11.h(920): warning C4005: 'D3D11_ERROR_DEFERRED_CONTEXT_MAP_WITHOUT_INITIAL_DISCARD': macro redefinition
  c:\program files (x86)\windows kits\10\include\10.0.17763.0\shared\winerror.h(55951): note: see previous definition of 'D3D11_ERROR_DEFERRED_CONTEXT_MAP_WITHOUT_INITIAL_DISCARD'
f:\github\dxanimation\directx2010\include\d3d10.h(608): warning C4005: 'D3D10_ERROR_TOO_MANY_UNIQUE_STATE_OBJECTS': macro redefinition
  c:\program files (x86)\windows kits\10\include\10.0.17763.0\shared\winerror.h(55899): note: see previous definition of 'D3D10_ERROR_TOO_MANY_UNIQUE_STATE_OBJECTS'
f:\github\dxanimation\directx2010\include\d3d10.h(609): warning C4005: 'D3D10_ERROR_FILE_NOT_FOUND': macro redefinition
  c:\program files (x86)\windows kits\10\include\10.0.17763.0\shared\winerror.h(55908): note: see previous definition of 'D3D10_ERROR_FILE_NOT_FOUND'
  Exporter.cpp
f:\github\dxanimation\directxengineat\exporter.cpp(1): warning C4067: unexpected tokens following preprocessor directive - expected a newline
f:\github\dxanimation\directxengineat\exporter.h(2): warning C4067: unexpected tokens following preprocessor directive - expected a newline
f:\github\dxanimation\directx2010\include\dxgitype.h(12): warning C4005: 'DXGI_STATUS_OCCLUDED': macro redefinition
  c:\program files (x86)\windows kits\10\include\10.0.17763.0\shared\winerror.h(55460): note: see previous definition of 'DXGI_STATUS_OCCLUDED'
f:\github\dxanimation\directx2010\include\dxgitype.h(13): warning C4005: 'DXGI_STATUS_CLIPPED': macro redefinition
  c:\program files (x86)\windows kits\10\include\10.0.17763.0\shared\winerror.h(55469): note: see previous definition of 'DXGI_STATUS_CLIPPED'
f:\github\dxanimation\directx2010\include\dxgitype.h(14): warning C4005: 'DXGI_STATUS_NO_REDIRECTION': macro redefinition
  c:\program files (x86)\windows kits\10\include\10.0.17763.0\shared\winerror.h(55478): note: see previous definition of 'DXGI_STATUS_NO_REDIRECTION'
f:\github\dxanimation\directx2010\include\dxgitype.h(15): warning C4005: 'DXGI_STATUS_NO_DESKTOP_ACCESS': macro redefinition
  c:\program files (x86)\windows kits\10\include\10.0.17763.0\shared\winerror.h(55487): note: see previous definition of 'DXGI_STATUS_NO_DESKTOP_ACCESS'
f:\github\dxanimation\directx2010\include\dxgitype.h(16): warning C4005: 'DXGI_STATUS_GRAPHICS_VIDPN_SOURCE_IN_USE': macro redefinition
  c:\program files (x86)\windows kits\10\include\10.0.17763.0\shared\winerror.h(55496): note: see previous definition of 'DXGI_STATUS_GRAPHICS_VIDPN_SOURCE_IN_USE'
f:\github\dxanimation\directx2010\include\dxgitype.h(17): warning C4005: 'DXGI_STATUS_MODE_CHANGED': macro redefinition
  c:\program files (x86)\windows kits\10\include\10.0.17763.0\shared\winerror.h(55505): note: see previous definition of 'DXGI_STATUS_MODE_CHANGED'
f:\github\dxanimation\directx2010\include\dxgitype.h(18): warning C4005: 'DXGI_STATUS_MODE_CHANGE_IN_PROGRESS': macro redefinition
  c:\program files (x86)\windows kits\10\include\10.0.17763.0\shared\winerror.h(55514): note: see previous definition of 'DXGI_STATUS_MODE_CHANGE_IN_PROGRESS'
f:\github\dxanimation\directx2010\include\dxgitype.h(21): warning C4005: 'DXGI_ERROR_INVALID_CALL': macro redefinition
  c:\program files (x86)\windows kits\10\include\10.0.17763.0\shared\winerror.h(55529): note: see previous definition of 'DXGI_ERROR_INVALID_CALL'
f:\github\dxanimation\directx2010\include\dxgitype.h(22): warning C4005: 'DXGI_ERROR_NOT_FOUND': macro redefinition
  c:\program files (x86)\windows kits\10\include\10.0.17763.0\shared\winerror.h(55538): note: see previous definition of 'DXGI_ERROR_NOT_FOUND'
f:\github\dxanimation\directx2010\include\dxgitype.h(23): warning C4005: 'DXGI_ERROR_MORE_DATA': macro redefinition
  c:\program files (x86)\windows kits\10\include\10.0.17763.0\shared\winerror.h(55547): note: see previous definition of 'DXGI_ERROR_MORE_DATA'
f:\github\dxanimation\directx2010\include\dxgitype.h(24): warning C4005: 'DXGI_ERROR_UNSUPPORTED': macro redefinition
  c:\program files (x86)\windows kits\10\include\10.0.17763.0\shared\winerror.h(55556): note: see previous definition of 'DXGI_ERROR_UNSUPPORTED'
f:\github\dxanimation\directx2010\include\dxgitype.h(25): warning C4005: 'DXGI_ERROR_DEVICE_REMOVED': macro redefinition
  c:\program files (x86)\windows kits\10\include\10.0.17763.0\shared\winerror.h(55565): note: see previous definition of 'DXGI_ERROR_DEVICE_REMOVED'
f:\github\dxanimation\directx2010\include\dxgitype.h(26): warning C4005: 'DXGI_ERROR_DEVICE_HUNG': macro redefinition
  c:\program files (x86)\windows kits\10\include\10.0.17763.0\shared\winerror.h(55574): note: see previous definition of 'DXGI_ERROR_DEVICE_HUNG'
f:\github\dxanimation\directx2010\include\dxgitype.h(27): warning C4005: 'DXGI_ERROR_DEVICE_RESET': macro redefinition
  c:\program files (x86)\windows kits\10\include\10.0.17763.0\shared\winerror.h(55584): note: see previous definition of 'DXGI_ERROR_DEVICE_RESET'
f:\github\dxanimation\directx2010\include\dxgitype.h(28): warning C4005: 'DXGI_ERROR_WAS_STILL_DRAWING': macro redefinition
  c:\program files (x86)\windows kits\10\include\10.0.17763.0\shared\winerror.h(55593): note: see previous definition of 'DXGI_ERROR_WAS_STILL_DRAWING'
f:\github\dxanimation\directx2010\include\dxgitype.h(29): warning C4005: 'DXGI_ERROR_FRAME_STATISTICS_DISJOINT': macro redefinition
  c:\program files (x86)\windows kits\10\include\10.0.17763.0\shared\winerror.h(55603): note: see previous definition of 'DXGI_ERROR_FRAME_STATISTICS_DISJOINT'
f:\github\dxanimation\directx2010\include\dxgitype.h(30): warning C4005: 'DXGI_ERROR_GRAPHICS_VIDPN_SOURCE_IN_USE': macro redefinition
  c:\program files (x86)\windows kits\10\include\10.0.17763.0\shared\winerror.h(55612): note: see previous definition of 'DXGI_ERROR_GRAPHICS_VIDPN_SOURCE_IN_USE'
f:\github\dxanimation\directx2010\include\dxgitype.h(31): warning C4005: 'DXGI_ERROR_DRIVER_INTERNAL_ERROR': macro redefinition
  c:\program files (x86)\windows kits\10\include\10.0.17763.0\shared\winerror.h(55622): note: see previous definition of 'DXGI_ERROR_DRIVER_INTERNAL_ERROR'
f:\github\dxanimation\directx2010\include\dxgitype.h(32): warning C4005: 'DXGI_ERROR_NONEXCLUSIVE': macro redefinition
  c:\program files (x86)\windows kits\10\include\10.0.17763.0\shared\winerror.h(55631): note: see previous definition of 'DXGI_ERROR_NONEXCLUSIVE'
f:\github\dxanimation\directx2010\include\dxgitype.h(33): warning C4005: 'DXGI_ERROR_NOT_CURRENTLY_AVAILABLE': macro redefinition
  c:\program files (x86)\windows kits\10\include\10.0.17763.0\shared\winerror.h(55640): note: see previous definition of 'DXGI_ERROR_NOT_CURRENTLY_AVAILABLE'
f:\github\dxanimation\directx2010\include\dxgitype.h(34): warning C4005: 'DXGI_ERROR_REMOTE_CLIENT_DISCONNECTED': macro redefinition
  c:\program files (x86)\windows kits\10\include\10.0.17763.0\shared\winerror.h(55650): note: see previous definition of 'DXGI_ERROR_REMOTE_CLIENT_DISCONNECTED'
f:\github\dxanimation\directx2010\include\dxgitype.h(35): warning C4005: 'DXGI_ERROR_REMOTE_OUTOFMEMORY': macro redefinition
  c:\program files (x86)\windows kits\10\include\10.0.17763.0\shared\winerror.h(55659): note: see previous definition of 'DXGI_ERROR_REMOTE_OUTOFMEMORY'
f:\github\dxanimation\directx2010\include\d3d11.h(917): warning C4005: 'D3D11_ERROR_TOO_MANY_UNIQUE_STATE_OBJECTS': macro redefinition
  c:\program files (x86)\windows kits\10\include\10.0.17763.0\shared\winerror.h(55923): note: see previous definition of 'D3D11_ERROR_TOO_MANY_UNIQUE_STATE_OBJECTS'
f:\github\dxanimation\directx2010\include\d3d11.h(918): warning C4005: 'D3D11_ERROR_FILE_NOT_FOUND': macro redefinition
  c:\program files (x86)\windows kits\10\include\10.0.17763.0\shared\winerror.h(55932): note: see previous definition of 'D3D11_ERROR_FILE_NOT_FOUND'
f:\github\dxanimation\directx2010\include\d3d11.h(919): warning C4005: 'D3D11_ERROR_TOO_MANY_UNIQUE_VIEW_OBJECTS': macro redefinition
  c:\program files (x86)\windows kits\10\include\10.0.17763.0\shared\winerror.h(55942): note: see previous definition of 'D3D11_ERROR_TOO_MANY_UNIQUE_VIEW_OBJECTS'
f:\github\dxanimation\directx2010\include\d3d11.h(920): warning C4005: 'D3D11_ERROR_DEFERRED_CONTEXT_MAP_WITHOUT_INITIAL_DISCARD': macro redefinition
  c:\program files (x86)\windows kits\10\include\10.0.17763.0\shared\winerror.h(55951): note: see previous definition of 'D3D11_ERROR_DEFERRED_CONTEXT_MAP_WITHOUT_INITIAL_DISCARD'
f:\github\dxanimation\directx2010\include\d3d10.h(608): warning C4005: 'D3D10_ERROR_TOO_MANY_UNIQUE_STATE_OBJECTS': macro redefinition
  c:\program files (x86)\windows kits\10\include\10.0.17763.0\shared\winerror.h(55899): note: see previous definition of 'D3D10_ERROR_TOO_MANY_UNIQUE_STATE_OBJECTS'
f:\github\dxanimation\directx2010\include\d3d10.h(609): warning C4005: 'D3D10_ERROR_FILE_NOT_FOUND': macro redefinition
  c:\program files (x86)\windows kits\10\include\10.0.17763.0\shared\winerror.h(55908): note: see previous definition of 'D3D10_ERROR_FILE_NOT_FOUND'
f:\github\dxanimation\directxengineat\exporter.cpp(18): warning C4018: '<': signed/unsigned mismatch
f:\github\dxanimation\directxengineat\exporter.cpp(63): warning C4018: '<': signed/unsigned mismatch
  graphicsclass.cpp
f:\github\dxanimation\directx2010\include\dxgitype.h(12): warning C4005: 'DXGI_STATUS_OCCLUDED': macro redefinition
  c:\program files (x86)\windows kits\10\include\10.0.17763.0\shared\winerror.h(55460): note: see previous definition of 'DXGI_STATUS_OCCLUDED'
f:\github\dxanimation\directx2010\include\dxgitype.h(13): warning C4005: 'DXGI_STATUS_CLIPPED': macro redefinition
  c:\program files (x86)\windows kits\10\include\10.0.17763.0\shared\winerror.h(55469): note: see previous definition of 'DXGI_STATUS_CLIPPED'
f:\github\dxanimation\directx2010\include\dxgitype.h(14): warning C4005: 'DXGI_STATUS_NO_REDIRECTION': macro redefinition
  c:\program files (x86)\windows kits\10\include\10.0.17763.0\shared\winerror.h(55478): note: see previous definition of 'DXGI_STATUS_NO_REDIRECTION'
f:\github\dxanimation\directx2010\include\dxgitype.h(15): warning C4005: 'DXGI_STATUS_NO_DESKTOP_ACCESS': macro redefinition
  c:\program files (x86)\windows kits\10\include\10.0.17763.0\shared\winerror.h(55487): note: see previous definition of 'DXGI_STATUS_NO_DESKTOP_ACCESS'
f:\github\dxanimation\directx2010\include\dxgitype.h(16): warning C4005: 'DXGI_STATUS_GRAPHICS_VIDPN_SOURCE_IN_USE': macro redefinition
  c:\program files (x86)\windows kits\10\include\10.0.17763.0\shared\winerror.h(55496): note: see previous definition of 'DXGI_STATUS_GRAPHICS_VIDPN_SOURCE_IN_USE'
f:\github\dxanimation\directx2010\include\dxgitype.h(17): warning C4005: 'DXGI_STATUS_MODE_CHANGED': macro redefinition
  c:\program files (x86)\windows kits\10\include\10.0.17763.0\shared\winerror.h(55505): note: see previous definition of 'DXGI_STATUS_MODE_CHANGED'
f:\github\dxanimation\directx2010\include\dxgitype.h(18): warning C4005: 'DXGI_STATUS_MODE_CHANGE_IN_PROGRESS': macro redefinition
  c:\program files (x86)\windows kits\10\include\10.0.17763.0\shared\winerror.h(55514): note: see previous definition of 'DXGI_STATUS_MODE_CHANGE_IN_PROGRESS'
f:\github\dxanimation\directx2010\include\dxgitype.h(21): warning C4005: 'DXGI_ERROR_INVALID_CALL': macro redefinition
  c:\program files (x86)\windows kits\10\include\10.0.17763.0\shared\winerror.h(55529): note: see previous definition of 'DXGI_ERROR_INVALID_CALL'
f:\github\dxanimation\directx2010\include\dxgitype.h(22): warning C4005: 'DXGI_ERROR_NOT_FOUND': macro redefinition
  c:\program files (x86)\windows kits\10\include\10.0.17763.0\shared\winerror.h(55538): note: see previous definition of 'DXGI_ERROR_NOT_FOUND'
f:\github\dxanimation\directx2010\include\dxgitype.h(23): warning C4005: 'DXGI_ERROR_MORE_DATA': macro redefinition
  c:\program files (x86)\windows kits\10\include\10.0.17763.0\shared\winerror.h(55547): note: see previous definition of 'DXGI_ERROR_MORE_DATA'
f:\github\dxanimation\directx2010\include\dxgitype.h(24): warning C4005: 'DXGI_ERROR_UNSUPPORTED': macro redefinition
  c:\program files (x86)\windows kits\10\include\10.0.17763.0\shared\winerror.h(55556): note: see previous definition of 'DXGI_ERROR_UNSUPPORTED'
f:\github\dxanimation\directx2010\include\dxgitype.h(25): warning C4005: 'DXGI_ERROR_DEVICE_REMOVED': macro redefinition
  c:\program files (x86)\windows kits\10\include\10.0.17763.0\shared\winerror.h(55565): note: see previous definition of 'DXGI_ERROR_DEVICE_REMOVED'
f:\github\dxanimation\directx2010\include\dxgitype.h(26): warning C4005: 'DXGI_ERROR_DEVICE_HUNG': macro redefinition
  c:\program files (x86)\windows kits\10\include\10.0.17763.0\shared\winerror.h(55574): note: see previous definition of 'DXGI_ERROR_DEVICE_HUNG'
f:\github\dxanimation\directx2010\include\dxgitype.h(27): warning C4005: 'DXGI_ERROR_DEVICE_RESET': macro redefinition
  c:\program files (x86)\windows kits\10\include\10.0.17763.0\shared\winerror.h(55584): note: see previous definition of 'DXGI_ERROR_DEVICE_RESET'
f:\github\dxanimation\directx2010\include\dxgitype.h(28): warning C4005: 'DXGI_ERROR_WAS_STILL_DRAWING': macro redefinition
  c:\program files (x86)\windows kits\10\include\10.0.17763.0\shared\winerror.h(55593): note: see previous definition of 'DXGI_ERROR_WAS_STILL_DRAWING'
f:\github\dxanimation\directx2010\include\dxgitype.h(29): warning C4005: 'DXGI_ERROR_FRAME_STATISTICS_DISJOINT': macro redefinition
  c:\program files (x86)\windows kits\10\include\10.0.17763.0\shared\winerror.h(55603): note: see previous definition of 'DXGI_ERROR_FRAME_STATISTICS_DISJOINT'
f:\github\dxanimation\directx2010\include\dxgitype.h(30): warning C4005: 'DXGI_ERROR_GRAPHICS_VIDPN_SOURCE_IN_USE': macro redefinition
  c:\program files (x86)\windows kits\10\include\10.0.17763.0\shared\winerror.h(55612): note: see previous definition of 'DXGI_ERROR_GRAPHICS_VIDPN_SOURCE_IN_USE'
f:\github\dxanimation\directx2010\include\dxgitype.h(31): warning C4005: 'DXGI_ERROR_DRIVER_INTERNAL_ERROR': macro redefinition
  c:\program files (x86)\windows kits\10\include\10.0.17763.0\shared\winerror.h(55622): note: see previous definition of 'DXGI_ERROR_DRIVER_INTERNAL_ERROR'
f:\github\dxanimation\directx2010\include\dxgitype.h(32): warning C4005: 'DXGI_ERROR_NONEXCLUSIVE': macro redefinition
  c:\program files (x86)\windows kits\10\include\10.0.17763.0\shared\winerror.h(55631): note: see previous definition of 'DXGI_ERROR_NONEXCLUSIVE'
f:\github\dxanimation\directx2010\include\dxgitype.h(33): warning C4005: 'DXGI_ERROR_NOT_CURRENTLY_AVAILABLE': macro redefinition
  c:\program files (x86)\windows kits\10\include\10.0.17763.0\shared\winerror.h(55640): note: see previous definition of 'DXGI_ERROR_NOT_CURRENTLY_AVAILABLE'
f:\github\dxanimation\directx2010\include\dxgitype.h(34): warning C4005: 'DXGI_ERROR_REMOTE_CLIENT_DISCONNECTED': macro redefinition
  c:\program files (x86)\windows kits\10\include\10.0.17763.0\shared\winerror.h(55650): note: see previous definition of 'DXGI_ERROR_REMOTE_CLIENT_DISCONNECTED'
f:\github\dxanimation\directx2010\include\dxgitype.h(35): warning C4005: 'DXGI_ERROR_REMOTE_OUTOFMEMORY': macro redefinition
  c:\program files (x86)\windows kits\10\include\10.0.17763.0\shared\winerror.h(55659): note: see previous definition of 'DXGI_ERROR_REMOTE_OUTOFMEMORY'
f:\github\dxanimation\directx2010\include\d3d11.h(917): warning C4005: 'D3D11_ERROR_TOO_MANY_UNIQUE_STATE_OBJECTS': macro redefinition
  c:\program files (x86)\windows kits\10\include\10.0.17763.0\shared\winerror.h(55923): note: see previous definition of 'D3D11_ERROR_TOO_MANY_UNIQUE_STATE_OBJECTS'
f:\github\dxanimation\directx2010\include\d3d11.h(918): warning C4005: 'D3D11_ERROR_FILE_NOT_FOUND': macro redefinition
  c:\program files (x86)\windows kits\10\include\10.0.17763.0\shared\winerror.h(55932): note: see previous definition of 'D3D11_ERROR_FILE_NOT_FOUND'
f:\github\dxanimation\directx2010\include\d3d11.h(919): warning C4005: 'D3D11_ERROR_TOO_MANY_UNIQUE_VIEW_OBJECTS': macro redefinition
  c:\program files (x86)\windows kits\10\include\10.0.17763.0\shared\winerror.h(55942): note: see previous definition of 'D3D11_ERROR_TOO_MANY_UNIQUE_VIEW_OBJECTS'
f:\github\dxanimation\directx2010\include\d3d11.h(920): warning C4005: 'D3D11_ERROR_DEFERRED_CONTEXT_MAP_WITHOUT_INITIAL_DISCARD': macro redefinition
  c:\program files (x86)\windows kits\10\include\10.0.17763.0\shared\winerror.h(55951): note: see previous definition of 'D3D11_ERROR_DEFERRED_CONTEXT_MAP_WITHOUT_INITIAL_DISCARD'
f:\github\dxanimation\directx2010\include\d3d10.h(608): warning C4005: 'D3D10_ERROR_TOO_MANY_UNIQUE_STATE_OBJECTS': macro redefinition
  c:\program files (x86)\windows kits\10\include\10.0.17763.0\shared\winerror.h(55899): note: see previous definition of 'D3D10_ERROR_TOO_MANY_UNIQUE_STATE_OBJECTS'
f:\github\dxanimation\directx2010\include\d3d10.h(609): warning C4005: 'D3D10_ERROR_FILE_NOT_FOUND': macro redefinition
  c:\program files (x86)\windows kits\10\include\10.0.17763.0\shared\winerror.h(55908): note: see previous definition of 'D3D10_ERROR_FILE_NOT_FOUND'
f:\github\dxanimation\directxengineat\exporter.h(2): warning C4067: unexpected tokens following preprocessor directive - expected a newline
f:\github\dxanimation\directxengineat\graphicsclass.cpp(34): warning C4244: 'argument': conversion from 'int' to 'FLOAT', possible loss of data
f:\github\dxanimation\directxengineat\graphicsclass.cpp(161): warning C4018: '<': signed/unsigned mismatch
f:\github\dxanimation\directxengineat\graphicsclass.cpp(233): warning C4244: 'argument': conversion from 'int' to 'FLOAT', possible loss of data
f:\github\dxanimation\directxengineat\graphicsclass.cpp(294): warning C4018: '<': signed/unsigned mismatch
f:\github\dxanimation\directxengineat\graphicsclass.cpp(353): warning C4996: 'strcpy': This function or variable may be unsafe. Consider using strcpy_s instead. To disable deprecation, use _CRT_SECURE_NO_WARNINGS. See online help for details.
  c:\program files (x86)\windows kits\10\include\10.0.17763.0\ucrt\string.h(133): note: see declaration of 'strcpy'
f:\github\dxanimation\directxengineat\graphicsclass.cpp(400): warning C4018: '<': signed/unsigned mismatch
f:\github\dxanimation\directxengineat\graphicsclass.cpp(420): warning C4244: 'argument': conversion from 'int' to 'float', possible loss of data
  inputclass.cpp
  lightclass.cpp
f:\github\dxanimation\directx2010\include\dxgitype.h(12): warning C4005: 'DXGI_STATUS_OCCLUDED': macro redefinition
  c:\program files (x86)\windows kits\10\include\10.0.17763.0\shared\winerror.h(55460): note: see previous definition of 'DXGI_STATUS_OCCLUDED'
f:\github\dxanimation\directx2010\include\dxgitype.h(13): warning C4005: 'DXGI_STATUS_CLIPPED': macro redefinition
  c:\program files (x86)\windows kits\10\include\10.0.17763.0\shared\winerror.h(55469): note: see previous definition of 'DXGI_STATUS_CLIPPED'
f:\github\dxanimation\directx2010\include\dxgitype.h(14): warning C4005: 'DXGI_STATUS_NO_REDIRECTION': macro redefinition
  c:\program files (x86)\windows kits\10\include\10.0.17763.0\shared\winerror.h(55478): note: see previous definition of 'DXGI_STATUS_NO_REDIRECTION'
f:\github\dxanimation\directx2010\include\dxgitype.h(15): warning C4005: 'DXGI_STATUS_NO_DESKTOP_ACCESS': macro redefinition
  c:\program files (x86)\windows kits\10\include\10.0.17763.0\shared\winerror.h(55487): note: see previous definition of 'DXGI_STATUS_NO_DESKTOP_ACCESS'
f:\github\dxanimation\directx2010\include\dxgitype.h(16): warning C4005: 'DXGI_STATUS_GRAPHICS_VIDPN_SOURCE_IN_USE': macro redefinition
  c:\program files (x86)\windows kits\10\include\10.0.17763.0\shared\winerror.h(55496): note: see previous definition of 'DXGI_STATUS_GRAPHICS_VIDPN_SOURCE_IN_USE'
f:\github\dxanimation\directx2010\include\dxgitype.h(17): warning C4005: 'DXGI_STATUS_MODE_CHANGED': macro redefinition
  c:\program files (x86)\windows kits\10\include\10.0.17763.0\shared\winerror.h(55505): note: see previous definition of 'DXGI_STATUS_MODE_CHANGED'
f:\github\dxanimation\directx2010\include\dxgitype.h(18): warning C4005: 'DXGI_STATUS_MODE_CHANGE_IN_PROGRESS': macro redefinition
  c:\program files (x86)\windows kits\10\include\10.0.17763.0\shared\winerror.h(55514): note: see previous definition of 'DXGI_STATUS_MODE_CHANGE_IN_PROGRESS'
f:\github\dxanimation\directx2010\include\dxgitype.h(21): warning C4005: 'DXGI_ERROR_INVALID_CALL': macro redefinition
  c:\program files (x86)\windows kits\10\include\10.0.17763.0\shared\winerror.h(55529): note: see previous definition of 'DXGI_ERROR_INVALID_CALL'
f:\github\dxanimation\directx2010\include\dxgitype.h(22): warning C4005: 'DXGI_ERROR_NOT_FOUND': macro redefinition
  c:\program files (x86)\windows kits\10\include\10.0.17763.0\shared\winerror.h(55538): note: see previous definition of 'DXGI_ERROR_NOT_FOUND'
f:\github\dxanimation\directx2010\include\dxgitype.h(23): warning C4005: 'DXGI_ERROR_MORE_DATA': macro redefinition
  c:\program files (x86)\windows kits\10\include\10.0.17763.0\shared\winerror.h(55547): note: see previous definition of 'DXGI_ERROR_MORE_DATA'
f:\github\dxanimation\directx2010\include\dxgitype.h(24): warning C4005: 'DXGI_ERROR_UNSUPPORTED': macro redefinition
  c:\program files (x86)\windows kits\10\include\10.0.17763.0\shared\winerror.h(55556): note: see previous definition of 'DXGI_ERROR_UNSUPPORTED'
f:\github\dxanimation\directx2010\include\dxgitype.h(25): warning C4005: 'DXGI_ERROR_DEVICE_REMOVED': macro redefinition
  c:\program files (x86)\windows kits\10\include\10.0.17763.0\shared\winerror.h(55565): note: see previous definition of 'DXGI_ERROR_DEVICE_REMOVED'
f:\github\dxanimation\directx2010\include\dxgitype.h(26): warning C4005: 'DXGI_ERROR_DEVICE_HUNG': macro redefinition
  c:\program files (x86)\windows kits\10\include\10.0.17763.0\shared\winerror.h(55574): note: see previous definition of 'DXGI_ERROR_DEVICE_HUNG'
f:\github\dxanimation\directx2010\include\dxgitype.h(27): warning C4005: 'DXGI_ERROR_DEVICE_RESET': macro redefinition
  c:\program files (x86)\windows kits\10\include\10.0.17763.0\shared\winerror.h(55584): note: see previous definition of 'DXGI_ERROR_DEVICE_RESET'
f:\github\dxanimation\directx2010\include\dxgitype.h(28): warning C4005: 'DXGI_ERROR_WAS_STILL_DRAWING': macro redefinition
  c:\program files (x86)\windows kits\10\include\10.0.17763.0\shared\winerror.h(55593): note: see previous definition of 'DXGI_ERROR_WAS_STILL_DRAWING'
f:\github\dxanimation\directx2010\include\dxgitype.h(29): warning C4005: 'DXGI_ERROR_FRAME_STATISTICS_DISJOINT': macro redefinition
  c:\program files (x86)\windows kits\10\include\10.0.17763.0\shared\winerror.h(55603): note: see previous definition of 'DXGI_ERROR_FRAME_STATISTICS_DISJOINT'
f:\github\dxanimation\directx2010\include\dxgitype.h(30): warning C4005: 'DXGI_ERROR_GRAPHICS_VIDPN_SOURCE_IN_USE': macro redefinition
  c:\program files (x86)\windows kits\10\include\10.0.17763.0\shared\winerror.h(55612): note: see previous definition of 'DXGI_ERROR_GRAPHICS_VIDPN_SOURCE_IN_USE'
f:\github\dxanimation\directx2010\include\dxgitype.h(31): warning C4005: 'DXGI_ERROR_DRIVER_INTERNAL_ERROR': macro redefinition
  c:\program files (x86)\windows kits\10\include\10.0.17763.0\shared\winerror.h(55622): note: see previous definition of 'DXGI_ERROR_DRIVER_INTERNAL_ERROR'
f:\github\dxanimation\directx2010\include\dxgitype.h(32): warning C4005: 'DXGI_ERROR_NONEXCLUSIVE': macro redefinition
  c:\program files (x86)\windows kits\10\include\10.0.17763.0\shared\winerror.h(55631): note: see previous definition of 'DXGI_ERROR_NONEXCLUSIVE'
f:\github\dxanimation\directx2010\include\dxgitype.h(33): warning C4005: 'DXGI_ERROR_NOT_CURRENTLY_AVAILABLE': macro redefinition
  c:\program files (x86)\windows kits\10\include\10.0.17763.0\shared\winerror.h(55640): note: see previous definition of 'DXGI_ERROR_NOT_CURRENTLY_AVAILABLE'
f:\github\dxanimation\directx2010\include\dxgitype.h(34): warning C4005: 'DXGI_ERROR_REMOTE_CLIENT_DISCONNECTED': macro redefinition
  c:\program files (x86)\windows kits\10\include\10.0.17763.0\shared\winerror.h(55650): note: see previous definition of 'DXGI_ERROR_REMOTE_CLIENT_DISCONNECTED'
f:\github\dxanimation\directx2010\include\dxgitype.h(35): warning C4005: 'DXGI_ERROR_REMOTE_OUTOFMEMORY': macro redefinition
  c:\program files (x86)\windows kits\10\include\10.0.17763.0\shared\winerror.h(55659): note: see previous definition of 'DXGI_ERROR_REMOTE_OUTOFMEMORY'
f:\github\dxanimation\directx2010\include\d3d10.h(608): warning C4005: 'D3D10_ERROR_TOO_MANY_UNIQUE_STATE_OBJECTS': macro redefinition
  c:\program files (x86)\windows kits\10\include\10.0.17763.0\shared\winerror.h(55899): note: see previous definition of 'D3D10_ERROR_TOO_MANY_UNIQUE_STATE_OBJECTS'
f:\github\dxanimation\directx2010\include\d3d10.h(609): warning C4005: 'D3D10_ERROR_FILE_NOT_FOUND': macro redefinition
  c:\program files (x86)\windows kits\10\include\10.0.17763.0\shared\winerror.h(55908): note: see previous definition of 'D3D10_ERROR_FILE_NOT_FOUND'
  lightshaderclass.cpp
f:\github\dxanimation\directx2010\include\dxgitype.h(12): warning C4005: 'DXGI_STATUS_OCCLUDED': macro redefinition
  c:\program files (x86)\windows kits\10\include\10.0.17763.0\shared\winerror.h(55460): note: see previous definition of 'DXGI_STATUS_OCCLUDED'
f:\github\dxanimation\directx2010\include\dxgitype.h(13): warning C4005: 'DXGI_STATUS_CLIPPED': macro redefinition
  c:\program files (x86)\windows kits\10\include\10.0.17763.0\shared\winerror.h(55469): note: see previous definition of 'DXGI_STATUS_CLIPPED'
f:\github\dxanimation\directx2010\include\dxgitype.h(14): warning C4005: 'DXGI_STATUS_NO_REDIRECTION': macro redefinition
  c:\program files (x86)\windows kits\10\include\10.0.17763.0\shared\winerror.h(55478): note: see previous definition of 'DXGI_STATUS_NO_REDIRECTION'
f:\github\dxanimation\directx2010\include\dxgitype.h(15): warning C4005: 'DXGI_STATUS_NO_DESKTOP_ACCESS': macro redefinition
  c:\program files (x86)\windows kits\10\include\10.0.17763.0\shared\winerror.h(55487): note: see previous definition of 'DXGI_STATUS_NO_DESKTOP_ACCESS'
f:\github\dxanimation\directx2010\include\dxgitype.h(16): warning C4005: 'DXGI_STATUS_GRAPHICS_VIDPN_SOURCE_IN_USE': macro redefinition
  c:\program files (x86)\windows kits\10\include\10.0.17763.0\shared\winerror.h(55496): note: see previous definition of 'DXGI_STATUS_GRAPHICS_VIDPN_SOURCE_IN_USE'
f:\github\dxanimation\directx2010\include\dxgitype.h(17): warning C4005: 'DXGI_STATUS_MODE_CHANGED': macro redefinition
  c:\program files (x86)\windows kits\10\include\10.0.17763.0\shared\winerror.h(55505): note: see previous definition of 'DXGI_STATUS_MODE_CHANGED'
f:\github\dxanimation\directx2010\include\dxgitype.h(18): warning C4005: 'DXGI_STATUS_MODE_CHANGE_IN_PROGRESS': macro redefinition
  c:\program files (x86)\windows kits\10\include\10.0.17763.0\shared\winerror.h(55514): note: see previous definition of 'DXGI_STATUS_MODE_CHANGE_IN_PROGRESS'
f:\github\dxanimation\directx2010\include\dxgitype.h(21): warning C4005: 'DXGI_ERROR_INVALID_CALL': macro redefinition
  c:\program files (x86)\windows kits\10\include\10.0.17763.0\shared\winerror.h(55529): note: see previous definition of 'DXGI_ERROR_INVALID_CALL'
f:\github\dxanimation\directx2010\include\dxgitype.h(22): warning C4005: 'DXGI_ERROR_NOT_FOUND': macro redefinition
  c:\program files (x86)\windows kits\10\include\10.0.17763.0\shared\winerror.h(55538): note: see previous definition of 'DXGI_ERROR_NOT_FOUND'
f:\github\dxanimation\directx2010\include\dxgitype.h(23): warning C4005: 'DXGI_ERROR_MORE_DATA': macro redefinition
  c:\program files (x86)\windows kits\10\include\10.0.17763.0\shared\winerror.h(55547): note: see previous definition of 'DXGI_ERROR_MORE_DATA'
f:\github\dxanimation\directx2010\include\dxgitype.h(24): warning C4005: 'DXGI_ERROR_UNSUPPORTED': macro redefinition
  c:\program files (x86)\windows kits\10\include\10.0.17763.0\shared\winerror.h(55556): note: see previous definition of 'DXGI_ERROR_UNSUPPORTED'
f:\github\dxanimation\directx2010\include\dxgitype.h(25): warning C4005: 'DXGI_ERROR_DEVICE_REMOVED': macro redefinition
  c:\program files (x86)\windows kits\10\include\10.0.17763.0\shared\winerror.h(55565): note: see previous definition of 'DXGI_ERROR_DEVICE_REMOVED'
f:\github\dxanimation\directx2010\include\dxgitype.h(26): warning C4005: 'DXGI_ERROR_DEVICE_HUNG': macro redefinition
  c:\program files (x86)\windows kits\10\include\10.0.17763.0\shared\winerror.h(55574): note: see previous definition of 'DXGI_ERROR_DEVICE_HUNG'
f:\github\dxanimation\directx2010\include\dxgitype.h(27): warning C4005: 'DXGI_ERROR_DEVICE_RESET': macro redefinition
  c:\program files (x86)\windows kits\10\include\10.0.17763.0\shared\winerror.h(55584): note: see previous definition of 'DXGI_ERROR_DEVICE_RESET'
f:\github\dxanimation\directx2010\include\dxgitype.h(28): warning C4005: 'DXGI_ERROR_WAS_STILL_DRAWING': macro redefinition
  c:\program files (x86)\windows kits\10\include\10.0.17763.0\shared\winerror.h(55593): note: see previous definition of 'DXGI_ERROR_WAS_STILL_DRAWING'
f:\github\dxanimation\directx2010\include\dxgitype.h(29): warning C4005: 'DXGI_ERROR_FRAME_STATISTICS_DISJOINT': macro redefinition
  c:\program files (x86)\windows kits\10\include\10.0.17763.0\shared\winerror.h(55603): note: see previous definition of 'DXGI_ERROR_FRAME_STATISTICS_DISJOINT'
f:\github\dxanimation\directx2010\include\dxgitype.h(30): warning C4005: 'DXGI_ERROR_GRAPHICS_VIDPN_SOURCE_IN_USE': macro redefinition
  c:\program files (x86)\windows kits\10\include\10.0.17763.0\shared\winerror.h(55612): note: see previous definition of 'DXGI_ERROR_GRAPHICS_VIDPN_SOURCE_IN_USE'
f:\github\dxanimation\directx2010\include\dxgitype.h(31): warning C4005: 'DXGI_ERROR_DRIVER_INTERNAL_ERROR': macro redefinition
  c:\program files (x86)\windows kits\10\include\10.0.17763.0\shared\winerror.h(55622): note: see previous definition of 'DXGI_ERROR_DRIVER_INTERNAL_ERROR'
f:\github\dxanimation\directx2010\include\dxgitype.h(32): warning C4005: 'DXGI_ERROR_NONEXCLUSIVE': macro redefinition
  c:\program files (x86)\windows kits\10\include\10.0.17763.0\shared\winerror.h(55631): note: see previous definition of 'DXGI_ERROR_NONEXCLUSIVE'
f:\github\dxanimation\directx2010\include\dxgitype.h(33): warning C4005: 'DXGI_ERROR_NOT_CURRENTLY_AVAILABLE': macro redefinition
  c:\program files (x86)\windows kits\10\include\10.0.17763.0\shared\winerror.h(55640): note: see previous definition of 'DXGI_ERROR_NOT_CURRENTLY_AVAILABLE'
f:\github\dxanimation\directx2010\include\dxgitype.h(34): warning C4005: 'DXGI_ERROR_REMOTE_CLIENT_DISCONNECTED': macro redefinition
  c:\program files (x86)\windows kits\10\include\10.0.17763.0\shared\winerror.h(55650): note: see previous definition of 'DXGI_ERROR_REMOTE_CLIENT_DISCONNECTED'
f:\github\dxanimation\directx2010\include\dxgitype.h(35): warning C4005: 'DXGI_ERROR_REMOTE_OUTOFMEMORY': macro redefinition
  c:\program files (x86)\windows kits\10\include\10.0.17763.0\shared\winerror.h(55659): note: see previous definition of 'DXGI_ERROR_REMOTE_OUTOFMEMORY'
f:\github\dxanimation\directx2010\include\d3d11.h(917): warning C4005: 'D3D11_ERROR_TOO_MANY_UNIQUE_STATE_OBJECTS': macro redefinition
  c:\program files (x86)\windows kits\10\include\10.0.17763.0\shared\winerror.h(55923): note: see previous definition of 'D3D11_ERROR_TOO_MANY_UNIQUE_STATE_OBJECTS'
f:\github\dxanimation\directx2010\include\d3d11.h(918): warning C4005: 'D3D11_ERROR_FILE_NOT_FOUND': macro redefinition
  c:\program files (x86)\windows kits\10\include\10.0.17763.0\shared\winerror.h(55932): note: see previous definition of 'D3D11_ERROR_FILE_NOT_FOUND'
f:\github\dxanimation\directx2010\include\d3d11.h(919): warning C4005: 'D3D11_ERROR_TOO_MANY_UNIQUE_VIEW_OBJECTS': macro redefinition
  c:\program files (x86)\windows kits\10\include\10.0.17763.0\shared\winerror.h(55942): note: see previous definition of 'D3D11_ERROR_TOO_MANY_UNIQUE_VIEW_OBJECTS'
f:\github\dxanimation\directx2010\include\d3d11.h(920): warning C4005: 'D3D11_ERROR_DEFERRED_CONTEXT_MAP_WITHOUT_INITIAL_DISCARD': macro redefinition
  c:\program files (x86)\windows kits\10\include\10.0.17763.0\shared\winerror.h(55951): note: see previous definition of 'D3D11_ERROR_DEFERRED_CONTEXT_MAP_WITHOUT_INITIAL_DISCARD'
f:\github\dxanimation\directx2010\include\d3d10.h(608): warning C4005: 'D3D10_ERROR_TOO_MANY_UNIQUE_STATE_OBJECTS': macro redefinition
  c:\program files (x86)\windows kits\10\include\10.0.17763.0\shared\winerror.h(55899): note: see previous definition of 'D3D10_ERROR_TOO_MANY_UNIQUE_STATE_OBJECTS'
f:\github\dxanimation\directx2010\include\d3d10.h(609): warning C4005: 'D3D10_ERROR_FILE_NOT_FOUND': macro redefinition
  c:\program files (x86)\windows kits\10\include\10.0.17763.0\shared\winerror.h(55908): note: see previous definition of 'D3D10_ERROR_FILE_NOT_FOUND'
  main.cpp
f:\github\dxanimation\directx2010\include\dxgitype.h(12): warning C4005: 'DXGI_STATUS_OCCLUDED': macro redefinition
  c:\program files (x86)\windows kits\10\include\10.0.17763.0\shared\winerror.h(55460): note: see previous definition of 'DXGI_STATUS_OCCLUDED'
f:\github\dxanimation\directx2010\include\dxgitype.h(13): warning C4005: 'DXGI_STATUS_CLIPPED': macro redefinition
  c:\program files (x86)\windows kits\10\include\10.0.17763.0\shared\winerror.h(55469): note: see previous definition of 'DXGI_STATUS_CLIPPED'
f:\github\dxanimation\directx2010\include\dxgitype.h(14): warning C4005: 'DXGI_STATUS_NO_REDIRECTION': macro redefinition
  c:\program files (x86)\windows kits\10\include\10.0.17763.0\shared\winerror.h(55478): note: see previous definition of 'DXGI_STATUS_NO_REDIRECTION'
f:\github\dxanimation\directx2010\include\dxgitype.h(15): warning C4005: 'DXGI_STATUS_NO_DESKTOP_ACCESS': macro redefinition
  c:\program files (x86)\windows kits\10\include\10.0.17763.0\shared\winerror.h(55487): note: see previous definition of 'DXGI_STATUS_NO_DESKTOP_ACCESS'
f:\github\dxanimation\directx2010\include\dxgitype.h(16): warning C4005: 'DXGI_STATUS_GRAPHICS_VIDPN_SOURCE_IN_USE': macro redefinition
  c:\program files (x86)\windows kits\10\include\10.0.17763.0\shared\winerror.h(55496): note: see previous definition of 'DXGI_STATUS_GRAPHICS_VIDPN_SOURCE_IN_USE'
f:\github\dxanimation\directx2010\include\dxgitype.h(17): warning C4005: 'DXGI_STATUS_MODE_CHANGED': macro redefinition
  c:\program files (x86)\windows kits\10\include\10.0.17763.0\shared\winerror.h(55505): note: see previous definition of 'DXGI_STATUS_MODE_CHANGED'
f:\github\dxanimation\directx2010\include\dxgitype.h(18): warning C4005: 'DXGI_STATUS_MODE_CHANGE_IN_PROGRESS': macro redefinition
  c:\program files (x86)\windows kits\10\include\10.0.17763.0\shared\winerror.h(55514): note: see previous definition of 'DXGI_STATUS_MODE_CHANGE_IN_PROGRESS'
f:\github\dxanimation\directx2010\include\dxgitype.h(21): warning C4005: 'DXGI_ERROR_INVALID_CALL': macro redefinition
  c:\program files (x86)\windows kits\10\include\10.0.17763.0\shared\winerror.h(55529): note: see previous definition of 'DXGI_ERROR_INVALID_CALL'
f:\github\dxanimation\directx2010\include\dxgitype.h(22): warning C4005: 'DXGI_ERROR_NOT_FOUND': macro redefinition
  c:\program files (x86)\windows kits\10\include\10.0.17763.0\shared\winerror.h(55538): note: see previous definition of 'DXGI_ERROR_NOT_FOUND'
f:\github\dxanimation\directx2010\include\dxgitype.h(23): warning C4005: 'DXGI_ERROR_MORE_DATA': macro redefinition
  c:\program files (x86)\windows kits\10\include\10.0.17763.0\shared\winerror.h(55547): note: see previous definition of 'DXGI_ERROR_MORE_DATA'
f:\github\dxanimation\directx2010\include\dxgitype.h(24): warning C4005: 'DXGI_ERROR_UNSUPPORTED': macro redefinition
  c:\program files (x86)\windows kits\10\include\10.0.17763.0\shared\winerror.h(55556): note: see previous definition of 'DXGI_ERROR_UNSUPPORTED'
f:\github\dxanimation\directx2010\include\dxgitype.h(25): warning C4005: 'DXGI_ERROR_DEVICE_REMOVED': macro redefinition
  c:\program files (x86)\windows kits\10\include\10.0.17763.0\shared\winerror.h(55565): note: see previous definition of 'DXGI_ERROR_DEVICE_REMOVED'
f:\github\dxanimation\directx2010\include\dxgitype.h(26): warning C4005: 'DXGI_ERROR_DEVICE_HUNG': macro redefinition
  c:\program files (x86)\windows kits\10\include\10.0.17763.0\shared\winerror.h(55574): note: see previous definition of 'DXGI_ERROR_DEVICE_HUNG'
f:\github\dxanimation\directx2010\include\dxgitype.h(27): warning C4005: 'DXGI_ERROR_DEVICE_RESET': macro redefinition
  c:\program files (x86)\windows kits\10\include\10.0.17763.0\shared\winerror.h(55584): note: see previous definition of 'DXGI_ERROR_DEVICE_RESET'
f:\github\dxanimation\directx2010\include\dxgitype.h(28): warning C4005: 'DXGI_ERROR_WAS_STILL_DRAWING': macro redefinition
  c:\program files (x86)\windows kits\10\include\10.0.17763.0\shared\winerror.h(55593): note: see previous definition of 'DXGI_ERROR_WAS_STILL_DRAWING'
f:\github\dxanimation\directx2010\include\dxgitype.h(29): warning C4005: 'DXGI_ERROR_FRAME_STATISTICS_DISJOINT': macro redefinition
  c:\program files (x86)\windows kits\10\include\10.0.17763.0\shared\winerror.h(55603): note: see previous definition of 'DXGI_ERROR_FRAME_STATISTICS_DISJOINT'
f:\github\dxanimation\directx2010\include\dxgitype.h(30): warning C4005: 'DXGI_ERROR_GRAPHICS_VIDPN_SOURCE_IN_USE': macro redefinition
  c:\program files (x86)\windows kits\10\include\10.0.17763.0\shared\winerror.h(55612): note: see previous definition of 'DXGI_ERROR_GRAPHICS_VIDPN_SOURCE_IN_USE'
f:\github\dxanimation\directx2010\include\dxgitype.h(31): warning C4005: 'DXGI_ERROR_DRIVER_INTERNAL_ERROR': macro redefinition
  c:\program files (x86)\windows kits\10\include\10.0.17763.0\shared\winerror.h(55622): note: see previous definition of 'DXGI_ERROR_DRIVER_INTERNAL_ERROR'
f:\github\dxanimation\directx2010\include\dxgitype.h(32): warning C4005: 'DXGI_ERROR_NONEXCLUSIVE': macro redefinition
  c:\program files (x86)\windows kits\10\include\10.0.17763.0\shared\winerror.h(55631): note: see previous definition of 'DXGI_ERROR_NONEXCLUSIVE'
f:\github\dxanimation\directx2010\include\dxgitype.h(33): warning C4005: 'DXGI_ERROR_NOT_CURRENTLY_AVAILABLE': macro redefinition
  c:\program files (x86)\windows kits\10\include\10.0.17763.0\shared\winerror.h(55640): note: see previous definition of 'DXGI_ERROR_NOT_CURRENTLY_AVAILABLE'
f:\github\dxanimation\directx2010\include\dxgitype.h(34): warning C4005: 'DXGI_ERROR_REMOTE_CLIENT_DISCONNECTED': macro redefinition
  c:\program files (x86)\windows kits\10\include\10.0.17763.0\shared\winerror.h(55650): note: see previous definition of 'DXGI_ERROR_REMOTE_CLIENT_DISCONNECTED'
f:\github\dxanimation\directx2010\include\dxgitype.h(35): warning C4005: 'DXGI_ERROR_REMOTE_OUTOFMEMORY': macro redefinition
  c:\program files (x86)\windows kits\10\include\10.0.17763.0\shared\winerror.h(55659): note: see previous definition of 'DXGI_ERROR_REMOTE_OUTOFMEMORY'
f:\github\dxanimation\directx2010\include\d3d11.h(917): warning C4005: 'D3D11_ERROR_TOO_MANY_UNIQUE_STATE_OBJECTS': macro redefinition
  c:\program files (x86)\windows kits\10\include\10.0.17763.0\shared\winerror.h(55923): note: see previous definition of 'D3D11_ERROR_TOO_MANY_UNIQUE_STATE_OBJECTS'
f:\github\dxanimation\directx2010\include\d3d11.h(918): warning C4005: 'D3D11_ERROR_FILE_NOT_FOUND': macro redefinition
  c:\program files (x86)\windows kits\10\include\10.0.17763.0\shared\winerror.h(55932): note: see previous definition of 'D3D11_ERROR_FILE_NOT_FOUND'
f:\github\dxanimation\directx2010\include\d3d11.h(919): warning C4005: 'D3D11_ERROR_TOO_MANY_UNIQUE_VIEW_OBJECTS': macro redefinition
  c:\program files (x86)\windows kits\10\include\10.0.17763.0\shared\winerror.h(55942): note: see previous definition of 'D3D11_ERROR_TOO_MANY_UNIQUE_VIEW_OBJECTS'
f:\github\dxanimation\directx2010\include\d3d11.h(920): warning C4005: 'D3D11_ERROR_DEFERRED_CONTEXT_MAP_WITHOUT_INITIAL_DISCARD': macro redefinition
  c:\program files (x86)\windows kits\10\include\10.0.17763.0\shared\winerror.h(55951): note: see previous definition of 'D3D11_ERROR_DEFERRED_CONTEXT_MAP_WITHOUT_INITIAL_DISCARD'
f:\github\dxanimation\directx2010\include\d3d10.h(608): warning C4005: 'D3D10_ERROR_TOO_MANY_UNIQUE_STATE_OBJECTS': macro redefinition
  c:\program files (x86)\windows kits\10\include\10.0.17763.0\shared\winerror.h(55899): note: see previous definition of 'D3D10_ERROR_TOO_MANY_UNIQUE_STATE_OBJECTS'
f:\github\dxanimation\directx2010\include\d3d10.h(609): warning C4005: 'D3D10_ERROR_FILE_NOT_FOUND': macro redefinition
  c:\program files (x86)\windows kits\10\include\10.0.17763.0\shared\winerror.h(55908): note: see previous definition of 'D3D10_ERROR_FILE_NOT_FOUND'
f:\github\dxanimation\directxengineat\exporter.h(2): warning C4067: unexpected tokens following preprocessor directive - expected a newline
  modelclass.cpp
f:\github\dxanimation\directx2010\include\dxgitype.h(12): warning C4005: 'DXGI_STATUS_OCCLUDED': macro redefinition
  c:\program files (x86)\windows kits\10\include\10.0.17763.0\shared\winerror.h(55460): note: see previous definition of 'DXGI_STATUS_OCCLUDED'
f:\github\dxanimation\directx2010\include\dxgitype.h(13): warning C4005: 'DXGI_STATUS_CLIPPED': macro redefinition
  c:\program files (x86)\windows kits\10\include\10.0.17763.0\shared\winerror.h(55469): note: see previous definition of 'DXGI_STATUS_CLIPPED'
f:\github\dxanimation\directx2010\include\dxgitype.h(14): warning C4005: 'DXGI_STATUS_NO_REDIRECTION': macro redefinition
  c:\program files (x86)\windows kits\10\include\10.0.17763.0\shared\winerror.h(55478): note: see previous definition of 'DXGI_STATUS_NO_REDIRECTION'
f:\github\dxanimation\directx2010\include\dxgitype.h(15): warning C4005: 'DXGI_STATUS_NO_DESKTOP_ACCESS': macro redefinition
  c:\program files (x86)\windows kits\10\include\10.0.17763.0\shared\winerror.h(55487): note: see previous definition of 'DXGI_STATUS_NO_DESKTOP_ACCESS'
f:\github\dxanimation\directx2010\include\dxgitype.h(16): warning C4005: 'DXGI_STATUS_GRAPHICS_VIDPN_SOURCE_IN_USE': macro redefinition
  c:\program files (x86)\windows kits\10\include\10.0.17763.0\shared\winerror.h(55496): note: see previous definition of 'DXGI_STATUS_GRAPHICS_VIDPN_SOURCE_IN_USE'
f:\github\dxanimation\directx2010\include\dxgitype.h(17): warning C4005: 'DXGI_STATUS_MODE_CHANGED': macro redefinition
  c:\program files (x86)\windows kits\10\include\10.0.17763.0\shared\winerror.h(55505): note: see previous definition of 'DXGI_STATUS_MODE_CHANGED'
f:\github\dxanimation\directx2010\include\dxgitype.h(18): warning C4005: 'DXGI_STATUS_MODE_CHANGE_IN_PROGRESS': macro redefinition
  c:\program files (x86)\windows kits\10\include\10.0.17763.0\shared\winerror.h(55514): note: see previous definition of 'DXGI_STATUS_MODE_CHANGE_IN_PROGRESS'
f:\github\dxanimation\directx2010\include\dxgitype.h(21): warning C4005: 'DXGI_ERROR_INVALID_CALL': macro redefinition
  c:\program files (x86)\windows kits\10\include\10.0.17763.0\shared\winerror.h(55529): note: see previous definition of 'DXGI_ERROR_INVALID_CALL'
f:\github\dxanimation\directx2010\include\dxgitype.h(22): warning C4005: 'DXGI_ERROR_NOT_FOUND': macro redefinition
  c:\program files (x86)\windows kits\10\include\10.0.17763.0\shared\winerror.h(55538): note: see previous definition of 'DXGI_ERROR_NOT_FOUND'
f:\github\dxanimation\directx2010\include\dxgitype.h(23): warning C4005: 'DXGI_ERROR_MORE_DATA': macro redefinition
  c:\program files (x86)\windows kits\10\include\10.0.17763.0\shared\winerror.h(55547): note: see previous definition of 'DXGI_ERROR_MORE_DATA'
f:\github\dxanimation\directx2010\include\dxgitype.h(24): warning C4005: 'DXGI_ERROR_UNSUPPORTED': macro redefinition
  c:\program files (x86)\windows kits\10\include\10.0.17763.0\shared\winerror.h(55556): note: see previous definition of 'DXGI_ERROR_UNSUPPORTED'
f:\github\dxanimation\directx2010\include\dxgitype.h(25): warning C4005: 'DXGI_ERROR_DEVICE_REMOVED': macro redefinition
  c:\program files (x86)\windows kits\10\include\10.0.17763.0\shared\winerror.h(55565): note: see previous definition of 'DXGI_ERROR_DEVICE_REMOVED'
f:\github\dxanimation\directx2010\include\dxgitype.h(26): warning C4005: 'DXGI_ERROR_DEVICE_HUNG': macro redefinition
  c:\program files (x86)\windows kits\10\include\10.0.17763.0\shared\winerror.h(55574): note: see previous definition of 'DXGI_ERROR_DEVICE_HUNG'
f:\github\dxanimation\directx2010\include\dxgitype.h(27): warning C4005: 'DXGI_ERROR_DEVICE_RESET': macro redefinition
  c:\program files (x86)\windows kits\10\include\10.0.17763.0\shared\winerror.h(55584): note: see previous definition of 'DXGI_ERROR_DEVICE_RESET'
f:\github\dxanimation\directx2010\include\dxgitype.h(28): warning C4005: 'DXGI_ERROR_WAS_STILL_DRAWING': macro redefinition
  c:\program files (x86)\windows kits\10\include\10.0.17763.0\shared\winerror.h(55593): note: see previous definition of 'DXGI_ERROR_WAS_STILL_DRAWING'
f:\github\dxanimation\directx2010\include\dxgitype.h(29): warning C4005: 'DXGI_ERROR_FRAME_STATISTICS_DISJOINT': macro redefinition
  c:\program files (x86)\windows kits\10\include\10.0.17763.0\shared\winerror.h(55603): note: see previous definition of 'DXGI_ERROR_FRAME_STATISTICS_DISJOINT'
f:\github\dxanimation\directx2010\include\dxgitype.h(30): warning C4005: 'DXGI_ERROR_GRAPHICS_VIDPN_SOURCE_IN_USE': macro redefinition
  c:\program files (x86)\windows kits\10\include\10.0.17763.0\shared\winerror.h(55612): note: see previous definition of 'DXGI_ERROR_GRAPHICS_VIDPN_SOURCE_IN_USE'
f:\github\dxanimation\directx2010\include\dxgitype.h(31): warning C4005: 'DXGI_ERROR_DRIVER_INTERNAL_ERROR': macro redefinition
  c:\program files (x86)\windows kits\10\include\10.0.17763.0\shared\winerror.h(55622): note: see previous definition of 'DXGI_ERROR_DRIVER_INTERNAL_ERROR'
f:\github\dxanimation\directx2010\include\dxgitype.h(32): warning C4005: 'DXGI_ERROR_NONEXCLUSIVE': macro redefinition
  c:\program files (x86)\windows kits\10\include\10.0.17763.0\shared\winerror.h(55631): note: see previous definition of 'DXGI_ERROR_NONEXCLUSIVE'
f:\github\dxanimation\directx2010\include\dxgitype.h(33): warning C4005: 'DXGI_ERROR_NOT_CURRENTLY_AVAILABLE': macro redefinition
  c:\program files (x86)\windows kits\10\include\10.0.17763.0\shared\winerror.h(55640): note: see previous definition of 'DXGI_ERROR_NOT_CURRENTLY_AVAILABLE'
f:\github\dxanimation\directx2010\include\dxgitype.h(34): warning C4005: 'DXGI_ERROR_REMOTE_CLIENT_DISCONNECTED': macro redefinition
  c:\program files (x86)\windows kits\10\include\10.0.17763.0\shared\winerror.h(55650): note: see previous definition of 'DXGI_ERROR_REMOTE_CLIENT_DISCONNECTED'
f:\github\dxanimation\directx2010\include\dxgitype.h(35): warning C4005: 'DXGI_ERROR_REMOTE_OUTOFMEMORY': macro redefinition
  c:\program files (x86)\windows kits\10\include\10.0.17763.0\shared\winerror.h(55659): note: see previous definition of 'DXGI_ERROR_REMOTE_OUTOFMEMORY'
f:\github\dxanimation\directx2010\include\d3d11.h(917): warning C4005: 'D3D11_ERROR_TOO_MANY_UNIQUE_STATE_OBJECTS': macro redefinition
  c:\program files (x86)\windows kits\10\include\10.0.17763.0\shared\winerror.h(55923): note: see previous definition of 'D3D11_ERROR_TOO_MANY_UNIQUE_STATE_OBJECTS'
f:\github\dxanimation\directx2010\include\d3d11.h(918): warning C4005: 'D3D11_ERROR_FILE_NOT_FOUND': macro redefinition
  c:\program files (x86)\windows kits\10\include\10.0.17763.0\shared\winerror.h(55932): note: see previous definition of 'D3D11_ERROR_FILE_NOT_FOUND'
f:\github\dxanimation\directx2010\include\d3d11.h(919): warning C4005: 'D3D11_ERROR_TOO_MANY_UNIQUE_VIEW_OBJECTS': macro redefinition
  c:\program files (x86)\windows kits\10\include\10.0.17763.0\shared\winerror.h(55942): note: see previous definition of 'D3D11_ERROR_TOO_MANY_UNIQUE_VIEW_OBJECTS'
f:\github\dxanimation\directx2010\include\d3d11.h(920): warning C4005: 'D3D11_ERROR_DEFERRED_CONTEXT_MAP_WITHOUT_INITIAL_DISCARD': macro redefinition
  c:\program files (x86)\windows kits\10\include\10.0.17763.0\shared\winerror.h(55951): note: see previous definition of 'D3D11_ERROR_DEFERRED_CONTEXT_MAP_WITHOUT_INITIAL_DISCARD'
f:\github\dxanimation\directx2010\include\d3d10.h(608): warning C4005: 'D3D10_ERROR_TOO_MANY_UNIQUE_STATE_OBJECTS': macro redefinition
  c:\program files (x86)\windows kits\10\include\10.0.17763.0\shared\winerror.h(55899): note: see previous definition of 'D3D10_ERROR_TOO_MANY_UNIQUE_STATE_OBJECTS'
f:\github\dxanimation\directx2010\include\d3d10.h(609): warning C4005: 'D3D10_ERROR_FILE_NOT_FOUND': macro redefinition
  c:\program files (x86)\windows kits\10\include\10.0.17763.0\shared\winerror.h(55908): note: see previous definition of 'D3D10_ERROR_FILE_NOT_FOUND'
  Position.cpp
  systemclass.cpp
f:\github\dxanimation\directx2010\include\dxgitype.h(12): warning C4005: 'DXGI_STATUS_OCCLUDED': macro redefinition
  c:\program files (x86)\windows kits\10\include\10.0.17763.0\shared\winerror.h(55460): note: see previous definition of 'DXGI_STATUS_OCCLUDED'
f:\github\dxanimation\directx2010\include\dxgitype.h(13): warning C4005: 'DXGI_STATUS_CLIPPED': macro redefinition
  c:\program files (x86)\windows kits\10\include\10.0.17763.0\shared\winerror.h(55469): note: see previous definition of 'DXGI_STATUS_CLIPPED'
f:\github\dxanimation\directx2010\include\dxgitype.h(14): warning C4005: 'DXGI_STATUS_NO_REDIRECTION': macro redefinition
  c:\program files (x86)\windows kits\10\include\10.0.17763.0\shared\winerror.h(55478): note: see previous definition of 'DXGI_STATUS_NO_REDIRECTION'
f:\github\dxanimation\directx2010\include\dxgitype.h(15): warning C4005: 'DXGI_STATUS_NO_DESKTOP_ACCESS': macro redefinition
  c:\program files (x86)\windows kits\10\include\10.0.17763.0\shared\winerror.h(55487): note: see previous definition of 'DXGI_STATUS_NO_DESKTOP_ACCESS'
f:\github\dxanimation\directx2010\include\dxgitype.h(16): warning C4005: 'DXGI_STATUS_GRAPHICS_VIDPN_SOURCE_IN_USE': macro redefinition
  c:\program files (x86)\windows kits\10\include\10.0.17763.0\shared\winerror.h(55496): note: see previous definition of 'DXGI_STATUS_GRAPHICS_VIDPN_SOURCE_IN_USE'
f:\github\dxanimation\directx2010\include\dxgitype.h(17): warning C4005: 'DXGI_STATUS_MODE_CHANGED': macro redefinition
  c:\program files (x86)\windows kits\10\include\10.0.17763.0\shared\winerror.h(55505): note: see previous definition of 'DXGI_STATUS_MODE_CHANGED'
f:\github\dxanimation\directx2010\include\dxgitype.h(18): warning C4005: 'DXGI_STATUS_MODE_CHANGE_IN_PROGRESS': macro redefinition
  c:\program files (x86)\windows kits\10\include\10.0.17763.0\shared\winerror.h(55514): note: see previous definition of 'DXGI_STATUS_MODE_CHANGE_IN_PROGRESS'
f:\github\dxanimation\directx2010\include\dxgitype.h(21): warning C4005: 'DXGI_ERROR_INVALID_CALL': macro redefinition
  c:\program files (x86)\windows kits\10\include\10.0.17763.0\shared\winerror.h(55529): note: see previous definition of 'DXGI_ERROR_INVALID_CALL'
f:\github\dxanimation\directx2010\include\dxgitype.h(22): warning C4005: 'DXGI_ERROR_NOT_FOUND': macro redefinition
  c:\program files (x86)\windows kits\10\include\10.0.17763.0\shared\winerror.h(55538): note: see previous definition of 'DXGI_ERROR_NOT_FOUND'
f:\github\dxanimation\directx2010\include\dxgitype.h(23): warning C4005: 'DXGI_ERROR_MORE_DATA': macro redefinition
  c:\program files (x86)\windows kits\10\include\10.0.17763.0\shared\winerror.h(55547): note: see previous definition of 'DXGI_ERROR_MORE_DATA'
f:\github\dxanimation\directx2010\include\dxgitype.h(24): warning C4005: 'DXGI_ERROR_UNSUPPORTED': macro redefinition
  c:\program files (x86)\windows kits\10\include\10.0.17763.0\shared\winerror.h(55556): note: see previous definition of 'DXGI_ERROR_UNSUPPORTED'
f:\github\dxanimation\directx2010\include\dxgitype.h(25): warning C4005: 'DXGI_ERROR_DEVICE_REMOVED': macro redefinition
  c:\program files (x86)\windows kits\10\include\10.0.17763.0\shared\winerror.h(55565): note: see previous definition of 'DXGI_ERROR_DEVICE_REMOVED'
f:\github\dxanimation\directx2010\include\dxgitype.h(26): warning C4005: 'DXGI_ERROR_DEVICE_HUNG': macro redefinition
  c:\program files (x86)\windows kits\10\include\10.0.17763.0\shared\winerror.h(55574): note: see previous definition of 'DXGI_ERROR_DEVICE_HUNG'
f:\github\dxanimation\directx2010\include\dxgitype.h(27): warning C4005: 'DXGI_ERROR_DEVICE_RESET': macro redefinition
  c:\program files (x86)\windows kits\10\include\10.0.17763.0\shared\winerror.h(55584): note: see previous definition of 'DXGI_ERROR_DEVICE_RESET'
f:\github\dxanimation\directx2010\include\dxgitype.h(28): warning C4005: 'DXGI_ERROR_WAS_STILL_DRAWING': macro redefinition
  c:\program files (x86)\windows kits\10\include\10.0.17763.0\shared\winerror.h(55593): note: see previous definition of 'DXGI_ERROR_WAS_STILL_DRAWING'
f:\github\dxanimation\directx2010\include\dxgitype.h(29): warning C4005: 'DXGI_ERROR_FRAME_STATISTICS_DISJOINT': macro redefinition
  c:\program files (x86)\windows kits\10\include\10.0.17763.0\shared\winerror.h(55603): note: see previous definition of 'DXGI_ERROR_FRAME_STATISTICS_DISJOINT'
f:\github\dxanimation\directx2010\include\dxgitype.h(30): warning C4005: 'DXGI_ERROR_GRAPHICS_VIDPN_SOURCE_IN_USE': macro redefinition
  c:\program files (x86)\windows kits\10\include\10.0.17763.0\shared\winerror.h(55612): note: see previous definition of 'DXGI_ERROR_GRAPHICS_VIDPN_SOURCE_IN_USE'
f:\github\dxanimation\directx2010\include\dxgitype.h(31): warning C4005: 'DXGI_ERROR_DRIVER_INTERNAL_ERROR': macro redefinition
  c:\program files (x86)\windows kits\10\include\10.0.17763.0\shared\winerror.h(55622): note: see previous definition of 'DXGI_ERROR_DRIVER_INTERNAL_ERROR'
f:\github\dxanimation\directx2010\include\dxgitype.h(32): warning C4005: 'DXGI_ERROR_NONEXCLUSIVE': macro redefinition
  c:\program files (x86)\windows kits\10\include\10.0.17763.0\shared\winerror.h(55631): note: see previous definition of 'DXGI_ERROR_NONEXCLUSIVE'
f:\github\dxanimation\directx2010\include\dxgitype.h(33): warning C4005: 'DXGI_ERROR_NOT_CURRENTLY_AVAILABLE': macro redefinition
  c:\program files (x86)\windows kits\10\include\10.0.17763.0\shared\winerror.h(55640): note: see previous definition of 'DXGI_ERROR_NOT_CURRENTLY_AVAILABLE'
f:\github\dxanimation\directx2010\include\dxgitype.h(34): warning C4005: 'DXGI_ERROR_REMOTE_CLIENT_DISCONNECTED': macro redefinition
  c:\program files (x86)\windows kits\10\include\10.0.17763.0\shared\winerror.h(55650): note: see previous definition of 'DXGI_ERROR_REMOTE_CLIENT_DISCONNECTED'
f:\github\dxanimation\directx2010\include\dxgitype.h(35): warning C4005: 'DXGI_ERROR_REMOTE_OUTOFMEMORY': macro redefinition
  c:\program files (x86)\windows kits\10\include\10.0.17763.0\shared\winerror.h(55659): note: see previous definition of 'DXGI_ERROR_REMOTE_OUTOFMEMORY'
f:\github\dxanimation\directx2010\include\d3d11.h(917): warning C4005: 'D3D11_ERROR_TOO_MANY_UNIQUE_STATE_OBJECTS': macro redefinition
  c:\program files (x86)\windows kits\10\include\10.0.17763.0\shared\winerror.h(55923): note: see previous definition of 'D3D11_ERROR_TOO_MANY_UNIQUE_STATE_OBJECTS'
f:\github\dxanimation\directx2010\include\d3d11.h(918): warning C4005: 'D3D11_ERROR_FILE_NOT_FOUND': macro redefinition
  c:\program files (x86)\windows kits\10\include\10.0.17763.0\shared\winerror.h(55932): note: see previous definition of 'D3D11_ERROR_FILE_NOT_FOUND'
f:\github\dxanimation\directx2010\include\d3d11.h(919): warning C4005: 'D3D11_ERROR_TOO_MANY_UNIQUE_VIEW_OBJECTS': macro redefinition
  c:\program files (x86)\windows kits\10\include\10.0.17763.0\shared\winerror.h(55942): note: see previous definition of 'D3D11_ERROR_TOO_MANY_UNIQUE_VIEW_OBJECTS'
f:\github\dxanimation\directx2010\include\d3d11.h(920): warning C4005: 'D3D11_ERROR_DEFERRED_CONTEXT_MAP_WITHOUT_INITIAL_DISCARD': macro redefinition
  c:\program files (x86)\windows kits\10\include\10.0.17763.0\shared\winerror.h(55951): note: see previous definition of 'D3D11_ERROR_DEFERRED_CONTEXT_MAP_WITHOUT_INITIAL_DISCARD'
f:\github\dxanimation\directx2010\include\d3d10.h(608): warning C4005: 'D3D10_ERROR_TOO_MANY_UNIQUE_STATE_OBJECTS': macro redefinition
  c:\program files (x86)\windows kits\10\include\10.0.17763.0\shared\winerror.h(55899): note: see previous definition of 'D3D10_ERROR_TOO_MANY_UNIQUE_STATE_OBJECTS'
f:\github\dxanimation\directx2010\include\d3d10.h(609): warning C4005: 'D3D10_ERROR_FILE_NOT_FOUND': macro redefinition
  c:\program files (x86)\windows kits\10\include\10.0.17763.0\shared\winerror.h(55908): note: see previous definition of 'D3D10_ERROR_FILE_NOT_FOUND'
f:\github\dxanimation\directxengineat\exporter.h(2): warning C4067: unexpected tokens following preprocessor directive - expected a newline
  textureclass.cpp
f:\github\dxanimation\directx2010\include\dxgitype.h(12): warning C4005: 'DXGI_STATUS_OCCLUDED': macro redefinition
  c:\program files (x86)\windows kits\10\include\10.0.17763.0\shared\winerror.h(55460): note: see previous definition of 'DXGI_STATUS_OCCLUDED'
f:\github\dxanimation\directx2010\include\dxgitype.h(13): warning C4005: 'DXGI_STATUS_CLIPPED': macro redefinition
  c:\program files (x86)\windows kits\10\include\10.0.17763.0\shared\winerror.h(55469): note: see previous definition of 'DXGI_STATUS_CLIPPED'
f:\github\dxanimation\directx2010\include\dxgitype.h(14): warning C4005: 'DXGI_STATUS_NO_REDIRECTION': macro redefinition
  c:\program files (x86)\windows kits\10\include\10.0.17763.0\shared\winerror.h(55478): note: see previous definition of 'DXGI_STATUS_NO_REDIRECTION'
f:\github\dxanimation\directx2010\include\dxgitype.h(15): warning C4005: 'DXGI_STATUS_NO_DESKTOP_ACCESS': macro redefinition
  c:\program files (x86)\windows kits\10\include\10.0.17763.0\shared\winerror.h(55487): note: see previous definition of 'DXGI_STATUS_NO_DESKTOP_ACCESS'
f:\github\dxanimation\directx2010\include\dxgitype.h(16): warning C4005: 'DXGI_STATUS_GRAPHICS_VIDPN_SOURCE_IN_USE': macro redefinition
  c:\program files (x86)\windows kits\10\include\10.0.17763.0\shared\winerror.h(55496): note: see previous definition of 'DXGI_STATUS_GRAPHICS_VIDPN_SOURCE_IN_USE'
f:\github\dxanimation\directx2010\include\dxgitype.h(17): warning C4005: 'DXGI_STATUS_MODE_CHANGED': macro redefinition
  c:\program files (x86)\windows kits\10\include\10.0.17763.0\shared\winerror.h(55505): note: see previous definition of 'DXGI_STATUS_MODE_CHANGED'
f:\github\dxanimation\directx2010\include\dxgitype.h(18): warning C4005: 'DXGI_STATUS_MODE_CHANGE_IN_PROGRESS': macro redefinition
  c:\program files (x86)\windows kits\10\include\10.0.17763.0\shared\winerror.h(55514): note: see previous definition of 'DXGI_STATUS_MODE_CHANGE_IN_PROGRESS'
f:\github\dxanimation\directx2010\include\dxgitype.h(21): warning C4005: 'DXGI_ERROR_INVALID_CALL': macro redefinition
  c:\program files (x86)\windows kits\10\include\10.0.17763.0\shared\winerror.h(55529): note: see previous definition of 'DXGI_ERROR_INVALID_CALL'
f:\github\dxanimation\directx2010\include\dxgitype.h(22): warning C4005: 'DXGI_ERROR_NOT_FOUND': macro redefinition
  c:\program files (x86)\windows kits\10\include\10.0.17763.0\shared\winerror.h(55538): note: see previous definition of 'DXGI_ERROR_NOT_FOUND'
f:\github\dxanimation\directx2010\include\dxgitype.h(23): warning C4005: 'DXGI_ERROR_MORE_DATA': macro redefinition
  c:\program files (x86)\windows kits\10\include\10.0.17763.0\shared\winerror.h(55547): note: see previous definition of 'DXGI_ERROR_MORE_DATA'
f:\github\dxanimation\directx2010\include\dxgitype.h(24): warning C4005: 'DXGI_ERROR_UNSUPPORTED': macro redefinition
  c:\program files (x86)\windows kits\10\include\10.0.17763.0\shared\winerror.h(55556): note: see previous definition of 'DXGI_ERROR_UNSUPPORTED'
f:\github\dxanimation\directx2010\include\dxgitype.h(25): warning C4005: 'DXGI_ERROR_DEVICE_REMOVED': macro redefinition
  c:\program files (x86)\windows kits\10\include\10.0.17763.0\shared\winerror.h(55565): note: see previous definition of 'DXGI_ERROR_DEVICE_REMOVED'
f:\github\dxanimation\directx2010\include\dxgitype.h(26): warning C4005: 'DXGI_ERROR_DEVICE_HUNG': macro redefinition
  c:\program files (x86)\windows kits\10\include\10.0.17763.0\shared\winerror.h(55574): note: see previous definition of 'DXGI_ERROR_DEVICE_HUNG'
f:\github\dxanimation\directx2010\include\dxgitype.h(27): warning C4005: 'DXGI_ERROR_DEVICE_RESET': macro redefinition
  c:\program files (x86)\windows kits\10\include\10.0.17763.0\shared\winerror.h(55584): note: see previous definition of 'DXGI_ERROR_DEVICE_RESET'
f:\github\dxanimation\directx2010\include\dxgitype.h(28): warning C4005: 'DXGI_ERROR_WAS_STILL_DRAWING': macro redefinition
  c:\program files (x86)\windows kits\10\include\10.0.17763.0\shared\winerror.h(55593): note: see previous definition of 'DXGI_ERROR_WAS_STILL_DRAWING'
f:\github\dxanimation\directx2010\include\dxgitype.h(29): warning C4005: 'DXGI_ERROR_FRAME_STATISTICS_DISJOINT': macro redefinition
  c:\program files (x86)\windows kits\10\include\10.0.17763.0\shared\winerror.h(55603): note: see previous definition of 'DXGI_ERROR_FRAME_STATISTICS_DISJOINT'
f:\github\dxanimation\directx2010\include\dxgitype.h(30): warning C4005: 'DXGI_ERROR_GRAPHICS_VIDPN_SOURCE_IN_USE': macro redefinition
  c:\program files (x86)\windows kits\10\include\10.0.17763.0\shared\winerror.h(55612): note: see previous definition of 'DXGI_ERROR_GRAPHICS_VIDPN_SOURCE_IN_USE'
f:\github\dxanimation\directx2010\include\dxgitype.h(31): warning C4005: 'DXGI_ERROR_DRIVER_INTERNAL_ERROR': macro redefinition
  c:\program files (x86)\windows kits\10\include\10.0.17763.0\shared\winerror.h(55622): note: see previous definition of 'DXGI_ERROR_DRIVER_INTERNAL_ERROR'
f:\github\dxanimation\directx2010\include\dxgitype.h(32): warning C4005: 'DXGI_ERROR_NONEXCLUSIVE': macro redefinition
  c:\program files (x86)\windows kits\10\include\10.0.17763.0\shared\winerror.h(55631): note: see previous definition of 'DXGI_ERROR_NONEXCLUSIVE'
f:\github\dxanimation\directx2010\include\dxgitype.h(33): warning C4005: 'DXGI_ERROR_NOT_CURRENTLY_AVAILABLE': macro redefinition
  c:\program files (x86)\windows kits\10\include\10.0.17763.0\shared\winerror.h(55640): note: see previous definition of 'DXGI_ERROR_NOT_CURRENTLY_AVAILABLE'
f:\github\dxanimation\directx2010\include\dxgitype.h(34): warning C4005: 'DXGI_ERROR_REMOTE_CLIENT_DISCONNECTED': macro redefinition
  c:\program files (x86)\windows kits\10\include\10.0.17763.0\shared\winerror.h(55650): note: see previous definition of 'DXGI_ERROR_REMOTE_CLIENT_DISCONNECTED'
f:\github\dxanimation\directx2010\include\dxgitype.h(35): warning C4005: 'DXGI_ERROR_REMOTE_OUTOFMEMORY': macro redefinition
  c:\program files (x86)\windows kits\10\include\10.0.17763.0\shared\winerror.h(55659): note: see previous definition of 'DXGI_ERROR_REMOTE_OUTOFMEMORY'
f:\github\dxanimation\directx2010\include\d3d11.h(917): warning C4005: 'D3D11_ERROR_TOO_MANY_UNIQUE_STATE_OBJECTS': macro redefinition
  c:\program files (x86)\windows kits\10\include\10.0.17763.0\shared\winerror.h(55923): note: see previous definition of 'D3D11_ERROR_TOO_MANY_UNIQUE_STATE_OBJECTS'
f:\github\dxanimation\directx2010\include\d3d11.h(918): warning C4005: 'D3D11_ERROR_FILE_NOT_FOUND': macro redefinition
  c:\program files (x86)\windows kits\10\include\10.0.17763.0\shared\winerror.h(55932): note: see previous definition of 'D3D11_ERROR_FILE_NOT_FOUND'
f:\github\dxanimation\directx2010\include\d3d11.h(919): warning C4005: 'D3D11_ERROR_TOO_MANY_UNIQUE_VIEW_OBJECTS': macro redefinition
  c:\program files (x86)\windows kits\10\include\10.0.17763.0\shared\winerror.h(55942): note: see previous definition of 'D3D11_ERROR_TOO_MANY_UNIQUE_VIEW_OBJECTS'
f:\github\dxanimation\directx2010\include\d3d11.h(920): warning C4005: 'D3D11_ERROR_DEFERRED_CONTEXT_MAP_WITHOUT_INITIAL_DISCARD': macro redefinition
  c:\program files (x86)\windows kits\10\include\10.0.17763.0\shared\winerror.h(55951): note: see previous definition of 'D3D11_ERROR_DEFERRED_CONTEXT_MAP_WITHOUT_INITIAL_DISCARD'
f:\github\dxanimation\directx2010\include\d3d10.h(608): warning C4005: 'D3D10_ERROR_TOO_MANY_UNIQUE_STATE_OBJECTS': macro redefinition
  c:\program files (x86)\windows kits\10\include\10.0.17763.0\shared\winerror.h(55899): note: see previous definition of 'D3D10_ERROR_TOO_MANY_UNIQUE_STATE_OBJECTS'
f:\github\dxanimation\directx2010\include\d3d10.h(609): warning C4005: 'D3D10_ERROR_FILE_NOT_FOUND': macro redefinition
  c:\program files (x86)\windows kits\10\include\10.0.17763.0\shared\winerror.h(55908): note: see previous definition of 'D3D10_ERROR_FILE_NOT_FOUND'
  Generating Code...
f:\github\dxanimation\directxengineat\graphicsclass.cpp(385): warning C4715: 'GraphicsClass::addModel': not all control paths return a value
  DirectXEngineAT.vcxproj -> F:\GitHub\DXAnimation\Debug\DirectXEngineAT.exe
